{"app/js/streaming/MediaPlayer.js":{"path":"app/js/streaming/MediaPlayer.js","s":{"1":1,"2":5,"3":0,"4":1,"5":1,"6":0,"7":0,"8":0,"9":0,"10":0,"11":0,"12":0,"13":0,"14":0,"15":0,"16":0,"17":0,"18":0,"19":0,"20":0,"21":0,"22":0,"23":0,"24":0,"25":0,"26":0,"27":0,"28":0,"29":0,"30":0,"31":0,"32":0,"33":0,"34":0,"35":0,"36":0,"37":0,"38":0,"39":0,"40":0,"41":0,"42":0,"43":0,"44":0,"45":0,"46":0,"47":0,"48":0,"49":0,"50":0,"51":0,"52":0,"53":0,"54":0,"55":0,"56":0,"57":0,"58":0,"59":5,"60":5,"61":5,"62":5,"63":5,"64":0,"65":0,"66":0,"67":0,"68":0,"69":0,"70":1,"71":1,"72":0,"73":1,"74":0,"75":0,"76":0,"77":0,"78":0,"79":0,"80":0,"81":0,"82":0,"83":0,"84":0,"85":0,"86":0,"87":0,"88":0,"89":0,"90":0,"91":0,"92":0,"93":0,"94":0,"95":0,"96":0,"97":0,"98":0,"99":1,"100":1,"101":0,"102":0,"103":0,"104":0,"105":0,"106":0,"107":0,"108":0,"109":0,"110":0,"111":0,"112":1,"113":1,"114":1,"115":1,"116":1,"117":1,"118":1,"119":1},"b":{"1":[0,0],"2":[1,0],"3":[0,0],"4":[0,0],"5":[0,0],"6":[0,0],"7":[0,0],"8":[0,0],"9":[0,0],"10":[0,0],"11":[0,0],"12":[0,0],"13":[0,0],"14":[0,0],"15":[0,0],"16":[0,0],"17":[0,0],"18":[0,0],"19":[0,0],"20":[0,0],"21":[0,0],"22":[0,0],"23":[0,0],"24":[1,0],"25":[0,0],"26":[0,0],"27":[0,0]},"f":{"1":5,"2":0,"3":1,"4":0,"5":0,"6":0,"7":0,"8":0,"9":0,"10":0,"11":0,"12":0,"13":0,"14":0,"15":0,"16":0,"17":0,"18":0,"19":1,"20":1,"21":0,"22":1,"23":0,"24":0,"25":0,"26":0,"27":0,"28":0,"29":0,"30":0,"31":0,"32":0,"33":0,"34":0,"35":1,"36":0},"fnMap":{"1":{"name":"(anonymous_1)","line":16,"loc":{"start":{"line":16,"column":14},"end":{"line":16,"column":34}}},"2":{"name":"(anonymous_2)","line":57,"loc":{"start":{"line":57,"column":18},"end":{"line":57,"column":30}}},"3":{"name":"(anonymous_3)","line":61,"loc":{"start":{"line":61,"column":15},"end":{"line":61,"column":27}}},"4":{"name":"(anonymous_4)","line":89,"loc":{"start":{"line":89,"column":21},"end":{"line":89,"column":33}}},"5":{"name":"(anonymous_5)","line":95,"loc":{"start":{"line":95,"column":27},"end":{"line":95,"column":38}}},"6":{"name":"(anonymous_6)","line":100,"loc":{"start":{"line":100,"column":27},"end":{"line":100,"column":38}}},"7":{"name":"(anonymous_7)","line":104,"loc":{"start":{"line":104,"column":27},"end":{"line":104,"column":44}}},"8":{"name":"(anonymous_8)","line":116,"loc":{"start":{"line":116,"column":15},"end":{"line":116,"column":31}}},"9":{"name":"(anonymous_9)","line":121,"loc":{"start":{"line":121,"column":15},"end":{"line":121,"column":27}}},"10":{"name":"(anonymous_10)","line":126,"loc":{"start":{"line":126,"column":20},"end":{"line":126,"column":31}}},"11":{"name":"(anonymous_11)","line":139,"loc":{"start":{"line":139,"column":20},"end":{"line":139,"column":32}}},"12":{"name":"(anonymous_12)","line":154,"loc":{"start":{"line":154,"column":24},"end":{"line":154,"column":36}}},"13":{"name":"(anonymous_13)","line":169,"loc":{"start":{"line":169,"column":20},"end":{"line":169,"column":53}}},"14":{"name":"(anonymous_14)","line":176,"loc":{"start":{"line":176,"column":28},"end":{"line":176,"column":45}}},"15":{"name":"(anonymous_15)","line":205,"loc":{"start":{"line":205,"column":26},"end":{"line":205,"column":64}}},"16":{"name":"(anonymous_16)","line":209,"loc":{"start":{"line":209,"column":29},"end":{"line":209,"column":67}}},"17":{"name":"(anonymous_17)","line":213,"loc":{"start":{"line":213,"column":20},"end":{"line":213,"column":32}}},"18":{"name":"(anonymous_18)","line":217,"loc":{"start":{"line":217,"column":17},"end":{"line":217,"column":29}}},"19":{"name":"(anonymous_19)","line":224,"loc":{"start":{"line":224,"column":18},"end":{"line":224,"column":30}}},"20":{"name":"(anonymous_20)","line":228,"loc":{"start":{"line":228,"column":23},"end":{"line":228,"column":35}}},"21":{"name":"(anonymous_21)","line":232,"loc":{"start":{"line":232,"column":21},"end":{"line":232,"column":38}}},"22":{"name":"(anonymous_22)","line":236,"loc":{"start":{"line":236,"column":21},"end":{"line":236,"column":33}}},"23":{"name":"(anonymous_23)","line":240,"loc":{"start":{"line":240,"column":32},"end":{"line":240,"column":48}}},"24":{"name":"(anonymous_24)","line":244,"loc":{"start":{"line":244,"column":32},"end":{"line":244,"column":43}}},"25":{"name":"(anonymous_25)","line":248,"loc":{"start":{"line":248,"column":31},"end":{"line":248,"column":52}}},"26":{"name":"(anonymous_26)","line":251,"loc":{"start":{"line":251,"column":22},"end":{"line":251,"column":38}}},"27":{"name":"(anonymous_27)","line":255,"loc":{"start":{"line":255,"column":22},"end":{"line":255,"column":33}}},"28":{"name":"(anonymous_28)","line":259,"loc":{"start":{"line":259,"column":23},"end":{"line":259,"column":35}}},"29":{"name":"(anonymous_29)","line":263,"loc":{"start":{"line":263,"column":23},"end":{"line":263,"column":39}}},"30":{"name":"(anonymous_30)","line":268,"loc":{"start":{"line":268,"column":23},"end":{"line":268,"column":39}}},"31":{"name":"(anonymous_31)","line":272,"loc":{"start":{"line":272,"column":23},"end":{"line":272,"column":46}}},"32":{"name":"(anonymous_32)","line":276,"loc":{"start":{"line":276,"column":31},"end":{"line":276,"column":43}}},"33":{"name":"(anonymous_33)","line":280,"loc":{"start":{"line":280,"column":31},"end":{"line":280,"column":48}}},"34":{"name":"(anonymous_34)","line":284,"loc":{"start":{"line":284,"column":20},"end":{"line":284,"column":36}}},"35":{"name":"(anonymous_35)","line":310,"loc":{"start":{"line":310,"column":22},"end":{"line":310,"column":37}}},"36":{"name":"(anonymous_36)","line":332,"loc":{"start":{"line":332,"column":15},"end":{"line":332,"column":26}}}},"statementMap":{"1":{"start":{"line":16,"column":0},"end":{"line":350,"column":2}},"2":{"start":{"line":44,"column":4},"end":{"line":183,"column":10}},"3":{"start":{"line":58,"column":12},"end":{"line":58,"column":43}},"4":{"start":{"line":62,"column":12},"end":{"line":64,"column":13}},"5":{"start":{"line":63,"column":16},"end":{"line":63,"column":53}},"6":{"start":{"line":66,"column":12},"end":{"line":69,"column":13}},"7":{"start":{"line":67,"column":16},"end":{"line":67,"column":63}},"8":{"start":{"line":68,"column":16},"end":{"line":68,"column":23}},"9":{"start":{"line":71,"column":12},"end":{"line":73,"column":13}},"10":{"start":{"line":72,"column":16},"end":{"line":72,"column":48}},"11":{"start":{"line":75,"column":12},"end":{"line":75,"column":27}},"12":{"start":{"line":77,"column":12},"end":{"line":77,"column":68}},"13":{"start":{"line":78,"column":12},"end":{"line":78,"column":55}},"14":{"start":{"line":79,"column":12},"end":{"line":79,"column":51}},"15":{"start":{"line":80,"column":12},"end":{"line":80,"column":42}},"16":{"start":{"line":82,"column":12},"end":{"line":82,"column":72}},"17":{"start":{"line":83,"column":12},"end":{"line":83,"column":62}},"18":{"start":{"line":84,"column":12},"end":{"line":84,"column":72}},"19":{"start":{"line":85,"column":12},"end":{"line":85,"column":52}},"20":{"start":{"line":86,"column":12},"end":{"line":86,"column":59}},"21":{"start":{"line":90,"column":12},"end":{"line":92,"column":13}},"22":{"start":{"line":91,"column":16},"end":{"line":91,"column":32}},"23":{"start":{"line":96,"column":12},"end":{"line":96,"column":126}},"24":{"start":{"line":97,"column":12},"end":{"line":97,"column":61}},"25":{"start":{"line":101,"column":12},"end":{"line":101,"column":72}},"26":{"start":{"line":105,"column":12},"end":{"line":106,"column":59}},"27":{"start":{"line":108,"column":12},"end":{"line":111,"column":13}},"28":{"start":{"line":110,"column":16},"end":{"line":110,"column":39}},"29":{"start":{"line":113,"column":12},"end":{"line":113,"column":23}},"30":{"start":{"line":118,"column":12},"end":{"line":118,"column":79}},"31":{"start":{"line":122,"column":12},"end":{"line":122,"column":53}},"32":{"start":{"line":123,"column":12},"end":{"line":123,"column":106}},"33":{"start":{"line":127,"column":12},"end":{"line":128,"column":22}},"34":{"start":{"line":130,"column":12},"end":{"line":132,"column":13}},"35":{"start":{"line":131,"column":16},"end":{"line":131,"column":25}},"36":{"start":{"line":134,"column":12},"end":{"line":134,"column":58}},"37":{"start":{"line":136,"column":12},"end":{"line":136,"column":113}},"38":{"start":{"line":140,"column":12},"end":{"line":142,"column":31}},"39":{"start":{"line":144,"column":12},"end":{"line":146,"column":13}},"40":{"start":{"line":145,"column":16},"end":{"line":145,"column":25}},"41":{"start":{"line":148,"column":12},"end":{"line":148,"column":86}},"42":{"start":{"line":149,"column":12},"end":{"line":149,"column":88}},"43":{"start":{"line":151,"column":12},"end":{"line":151,"column":46}},"44":{"start":{"line":155,"column":12},"end":{"line":157,"column":35}},"45":{"start":{"line":159,"column":12},"end":{"line":161,"column":13}},"46":{"start":{"line":160,"column":16},"end":{"line":160,"column":25}},"47":{"start":{"line":163,"column":12},"end":{"line":163,"column":86}},"48":{"start":{"line":164,"column":12},"end":{"line":164,"column":96}},"49":{"start":{"line":166,"column":12},"end":{"line":166,"column":50}},"50":{"start":{"line":170,"column":12},"end":{"line":170,"column":41}},"51":{"start":{"line":171,"column":12},"end":{"line":171,"column":51}},"52":{"start":{"line":172,"column":12},"end":{"line":172,"column":68}},"53":{"start":{"line":173,"column":12},"end":{"line":173,"column":28}},"54":{"start":{"line":177,"column":12},"end":{"line":177,"column":39}},"55":{"start":{"line":179,"column":12},"end":{"line":179,"column":43}},"56":{"start":{"line":180,"column":12},"end":{"line":180,"column":48}},"57":{"start":{"line":181,"column":12},"end":{"line":181,"column":48}},"58":{"start":{"line":182,"column":12},"end":{"line":182,"column":169}},"59":{"start":{"line":188,"column":4},"end":{"line":188,"column":32}},"60":{"start":{"line":189,"column":4},"end":{"line":189,"column":38}},"61":{"start":{"line":190,"column":4},"end":{"line":190,"column":31}},"62":{"start":{"line":191,"column":4},"end":{"line":191,"column":31}},"63":{"start":{"line":193,"column":4},"end":{"line":349,"column":6}},"64":{"start":{"line":206,"column":12},"end":{"line":206,"column":71}},"65":{"start":{"line":210,"column":12},"end":{"line":210,"column":74}},"66":{"start":{"line":214,"column":12},"end":{"line":214,"column":27}},"67":{"start":{"line":218,"column":12},"end":{"line":221,"column":13}},"68":{"start":{"line":219,"column":16},"end":{"line":219,"column":40}},"69":{"start":{"line":220,"column":16},"end":{"line":220,"column":35}},"70":{"start":{"line":225,"column":12},"end":{"line":225,"column":30}},"71":{"start":{"line":229,"column":12},"end":{"line":229,"column":30}},"72":{"start":{"line":233,"column":12},"end":{"line":233,"column":29}},"73":{"start":{"line":237,"column":12},"end":{"line":237,"column":28}},"74":{"start":{"line":241,"column":12},"end":{"line":241,"column":40}},"75":{"start":{"line":245,"column":12},"end":{"line":245,"column":39}},"76":{"start":{"line":249,"column":12},"end":{"line":249,"column":84}},"77":{"start":{"line":252,"column":12},"end":{"line":252,"column":30}},"78":{"start":{"line":256,"column":12},"end":{"line":256,"column":29}},"79":{"start":{"line":260,"column":12},"end":{"line":260,"column":35}},"80":{"start":{"line":264,"column":12},"end":{"line":264,"column":72}},"81":{"start":{"line":265,"column":12},"end":{"line":265,"column":27}},"82":{"start":{"line":269,"column":12},"end":{"line":269,"column":58}},"83":{"start":{"line":273,"column":12},"end":{"line":273,"column":63}},"84":{"start":{"line":277,"column":12},"end":{"line":277,"column":61}},"85":{"start":{"line":281,"column":12},"end":{"line":281,"column":59}},"86":{"start":{"line":285,"column":12},"end":{"line":287,"column":13}},"87":{"start":{"line":286,"column":16},"end":{"line":286,"column":53}},"88":{"start":{"line":289,"column":12},"end":{"line":289,"column":27}},"89":{"start":{"line":291,"column":12},"end":{"line":291,"column":30}},"90":{"start":{"line":292,"column":12},"end":{"line":295,"column":13}},"91":{"start":{"line":293,"column":16},"end":{"line":293,"column":60}},"92":{"start":{"line":294,"column":16},"end":{"line":294,"column":47}},"93":{"start":{"line":299,"column":12},"end":{"line":303,"column":13}},"94":{"start":{"line":300,"column":16},"end":{"line":300,"column":41}},"95":{"start":{"line":301,"column":16},"end":{"line":301,"column":40}},"96":{"start":{"line":302,"column":16},"end":{"line":302,"column":32}},"97":{"start":{"line":305,"column":12},"end":{"line":307,"column":13}},"98":{"start":{"line":306,"column":16},"end":{"line":306,"column":38}},"99":{"start":{"line":311,"column":12},"end":{"line":313,"column":13}},"100":{"start":{"line":312,"column":16},"end":{"line":312,"column":53}},"101":{"start":{"line":315,"column":12},"end":{"line":315,"column":58}},"102":{"start":{"line":316,"column":12},"end":{"line":316,"column":43}},"103":{"start":{"line":317,"column":12},"end":{"line":317,"column":43}},"104":{"start":{"line":321,"column":12},"end":{"line":325,"column":13}},"105":{"start":{"line":322,"column":16},"end":{"line":322,"column":41}},"106":{"start":{"line":323,"column":16},"end":{"line":323,"column":40}},"107":{"start":{"line":324,"column":16},"end":{"line":324,"column":32}},"108":{"start":{"line":327,"column":12},"end":{"line":329,"column":13}},"109":{"start":{"line":328,"column":16},"end":{"line":328,"column":38}},"110":{"start":{"line":333,"column":12},"end":{"line":333,"column":36}},"111":{"start":{"line":334,"column":12},"end":{"line":334,"column":34}},"112":{"start":{"line":352,"column":0},"end":{"line":354,"column":2}},"113":{"start":{"line":356,"column":0},"end":{"line":356,"column":30}},"114":{"start":{"line":357,"column":0},"end":{"line":357,"column":23}},"115":{"start":{"line":358,"column":0},"end":{"line":358,"column":24}},"116":{"start":{"line":359,"column":0},"end":{"line":359,"column":20}},"117":{"start":{"line":360,"column":0},"end":{"line":360,"column":28}},"118":{"start":{"line":361,"column":0},"end":{"line":361,"column":23}},"119":{"start":{"line":362,"column":0},"end":{"line":362,"column":20}}},"branchMap":{"1":{"line":58,"type":"binary-expr","locations":[{"start":{"line":58,"column":20},"end":{"line":58,"column":29}},{"start":{"line":58,"column":33},"end":{"line":58,"column":41}}]},"2":{"line":62,"type":"if","locations":[{"start":{"line":62,"column":12},"end":{"line":62,"column":12}},{"start":{"line":62,"column":12},"end":{"line":62,"column":12}}]},"3":{"line":66,"type":"if","locations":[{"start":{"line":66,"column":12},"end":{"line":66,"column":12}},{"start":{"line":66,"column":12},"end":{"line":66,"column":12}}]},"4":{"line":71,"type":"if","locations":[{"start":{"line":71,"column":12},"end":{"line":71,"column":12}},{"start":{"line":71,"column":12},"end":{"line":71,"column":12}}]},"5":{"line":71,"type":"binary-expr","locations":[{"start":{"line":71,"column":16},"end":{"line":71,"column":24}},{"start":{"line":71,"column":28},"end":{"line":71,"column":35}}]},"6":{"line":90,"type":"if","locations":[{"start":{"line":90,"column":12},"end":{"line":90,"column":12}},{"start":{"line":90,"column":12},"end":{"line":90,"column":12}}]},"7":{"line":96,"type":"binary-expr","locations":[{"start":{"line":96,"column":25},"end":{"line":96,"column":73}},{"start":{"line":96,"column":77},"end":{"line":96,"column":125}}]},"8":{"line":108,"type":"if","locations":[{"start":{"line":108,"column":12},"end":{"line":108,"column":12}},{"start":{"line":108,"column":12},"end":{"line":108,"column":12}}]},"9":{"line":123,"type":"cond-expr","locations":[{"start":{"line":123,"column":39},"end":{"line":123,"column":40}},{"start":{"line":123,"column":43},"end":{"line":123,"column":105}}]},"10":{"line":130,"type":"if","locations":[{"start":{"line":130,"column":12},"end":{"line":130,"column":12}},{"start":{"line":130,"column":12},"end":{"line":130,"column":12}}]},"11":{"line":136,"type":"cond-expr","locations":[{"start":{"line":136,"column":72},"end":{"line":136,"column":77}},{"start":{"line":136,"column":80},"end":{"line":136,"column":111}}]},"12":{"line":144,"type":"if","locations":[{"start":{"line":144,"column":12},"end":{"line":144,"column":12}},{"start":{"line":144,"column":12},"end":{"line":144,"column":12}}]},"13":{"line":159,"type":"if","locations":[{"start":{"line":159,"column":12},"end":{"line":159,"column":12}},{"start":{"line":159,"column":12},"end":{"line":159,"column":12}}]},"14":{"line":182,"type":"cond-expr","locations":[{"start":{"line":182,"column":30},"end":{"line":182,"column":32}},{"start":{"line":182,"column":34},"end":{"line":182,"column":80}}]},"15":{"line":182,"type":"cond-expr","locations":[{"start":{"line":182,"column":41},"end":{"line":182,"column":61}},{"start":{"line":182,"column":64},"end":{"line":182,"column":80}}]},"16":{"line":182,"type":"cond-expr","locations":[{"start":{"line":182,"column":91},"end":{"line":182,"column":107}},{"start":{"line":182,"column":110},"end":{"line":182,"column":122}}]},"17":{"line":182,"type":"cond-expr","locations":[{"start":{"line":182,"column":136},"end":{"line":182,"column":152}},{"start":{"line":182,"column":155},"end":{"line":182,"column":167}}]},"18":{"line":218,"type":"if","locations":[{"start":{"line":218,"column":12},"end":{"line":218,"column":12}},{"start":{"line":218,"column":12},"end":{"line":218,"column":12}}]},"19":{"line":285,"type":"if","locations":[{"start":{"line":285,"column":12},"end":{"line":285,"column":12}},{"start":{"line":285,"column":12},"end":{"line":285,"column":12}}]},"20":{"line":292,"type":"if","locations":[{"start":{"line":292,"column":12},"end":{"line":292,"column":12}},{"start":{"line":292,"column":12},"end":{"line":292,"column":12}}]},"21":{"line":299,"type":"if","locations":[{"start":{"line":299,"column":12},"end":{"line":299,"column":12}},{"start":{"line":299,"column":12},"end":{"line":299,"column":12}}]},"22":{"line":299,"type":"binary-expr","locations":[{"start":{"line":299,"column":16},"end":{"line":299,"column":23}},{"start":{"line":299,"column":27},"end":{"line":299,"column":43}}]},"23":{"line":305,"type":"if","locations":[{"start":{"line":305,"column":12},"end":{"line":305,"column":12}},{"start":{"line":305,"column":12},"end":{"line":305,"column":12}}]},"24":{"line":311,"type":"if","locations":[{"start":{"line":311,"column":12},"end":{"line":311,"column":12}},{"start":{"line":311,"column":12},"end":{"line":311,"column":12}}]},"25":{"line":321,"type":"if","locations":[{"start":{"line":321,"column":12},"end":{"line":321,"column":12}},{"start":{"line":321,"column":12},"end":{"line":321,"column":12}}]},"26":{"line":321,"type":"binary-expr","locations":[{"start":{"line":321,"column":16},"end":{"line":321,"column":23}},{"start":{"line":321,"column":27},"end":{"line":321,"column":43}}]},"27":{"line":327,"type":"if","locations":[{"start":{"line":327,"column":12},"end":{"line":327,"column":12}},{"start":{"line":327,"column":12},"end":{"line":327,"column":12}}]}}},"app/js/streaming/Context.js":{"path":"app/js/streaming/Context.js","s":{"1":1,"2":1,"3":231,"4":231,"5":231,"6":231,"7":231,"8":231,"9":231,"10":231,"11":231,"12":231,"13":231,"14":231,"15":231,"16":231,"17":231,"18":231,"19":231,"20":231,"21":231,"22":231,"23":231,"24":231,"25":231,"26":231,"27":231,"28":231,"29":231,"30":231,"31":231,"32":231,"33":231,"34":231,"35":231,"36":231,"37":231,"38":231,"39":231,"40":231,"41":231,"42":231,"43":231,"44":231},"b":{},"f":{"1":1,"2":231},"fnMap":{"1":{"name":"(anonymous_1)","line":14,"loc":{"start":{"line":14,"column":25},"end":{"line":14,"column":37}}},"2":{"name":"(anonymous_2)","line":19,"loc":{"start":{"line":19,"column":16},"end":{"line":19,"column":28}}}},"statementMap":{"1":{"start":{"line":14,"column":0},"end":{"line":72,"column":2}},"2":{"start":{"line":17,"column":4},"end":{"line":71,"column":6}},"3":{"start":{"line":20,"column":12},"end":{"line":20,"column":46}},"4":{"start":{"line":22,"column":12},"end":{"line":22,"column":71}},"5":{"start":{"line":23,"column":12},"end":{"line":23,"column":99}},"6":{"start":{"line":24,"column":12},"end":{"line":24,"column":77}},"7":{"start":{"line":25,"column":12},"end":{"line":25,"column":85}},"8":{"start":{"line":26,"column":12},"end":{"line":26,"column":99}},"9":{"start":{"line":27,"column":12},"end":{"line":27,"column":79}},"10":{"start":{"line":28,"column":12},"end":{"line":28,"column":81}},"11":{"start":{"line":30,"column":12},"end":{"line":30,"column":78}},"12":{"start":{"line":31,"column":12},"end":{"line":31,"column":88}},"13":{"start":{"line":32,"column":12},"end":{"line":32,"column":86}},"14":{"start":{"line":33,"column":12},"end":{"line":33,"column":103}},"15":{"start":{"line":34,"column":12},"end":{"line":34,"column":88}},"16":{"start":{"line":36,"column":12},"end":{"line":36,"column":100}},"17":{"start":{"line":37,"column":12},"end":{"line":37,"column":103}},"18":{"start":{"line":38,"column":12},"end":{"line":38,"column":105}},"19":{"start":{"line":39,"column":12},"end":{"line":39,"column":93}},"20":{"start":{"line":40,"column":12},"end":{"line":40,"column":94}},"21":{"start":{"line":41,"column":12},"end":{"line":41,"column":90}},"22":{"start":{"line":42,"column":12},"end":{"line":42,"column":101}},"23":{"start":{"line":43,"column":12},"end":{"line":43,"column":96}},"24":{"start":{"line":44,"column":12},"end":{"line":44,"column":104}},"25":{"start":{"line":47,"column":12},"end":{"line":47,"column":76}},"26":{"start":{"line":48,"column":12},"end":{"line":48,"column":91}},"27":{"start":{"line":49,"column":12},"end":{"line":49,"column":101}},"28":{"start":{"line":50,"column":12},"end":{"line":50,"column":91}},"29":{"start":{"line":51,"column":12},"end":{"line":51,"column":94}},"30":{"start":{"line":53,"column":12},"end":{"line":53,"column":94}},"31":{"start":{"line":54,"column":12},"end":{"line":54,"column":92}},"32":{"start":{"line":55,"column":12},"end":{"line":55,"column":96}},"33":{"start":{"line":56,"column":12},"end":{"line":56,"column":92}},"34":{"start":{"line":57,"column":12},"end":{"line":57,"column":98}},"35":{"start":{"line":58,"column":12},"end":{"line":58,"column":100}},"36":{"start":{"line":59,"column":12},"end":{"line":59,"column":92}},"37":{"start":{"line":60,"column":12},"end":{"line":60,"column":90}},"38":{"start":{"line":61,"column":12},"end":{"line":61,"column":100}},"39":{"start":{"line":62,"column":12},"end":{"line":62,"column":76}},"40":{"start":{"line":63,"column":12},"end":{"line":63,"column":96}},"41":{"start":{"line":64,"column":12},"end":{"line":64,"column":99}},"42":{"start":{"line":65,"column":12},"end":{"line":65,"column":92}},"43":{"start":{"line":67,"column":1},"end":{"line":67,"column":71}},"44":{"start":{"line":68,"column":1},"end":{"line":68,"column":86}}},"branchMap":{}},"app/js/dash/Dash.js":{"path":"app/js/dash/Dash.js","s":{"1":1,"2":1},"b":{},"f":{"1":1},"fnMap":{"1":{"name":"(anonymous_1)","line":16,"loc":{"start":{"line":16,"column":8},"end":{"line":16,"column":20}}}},"statementMap":{"1":{"start":{"line":16,"column":0},"end":{"line":25,"column":5}},"2":{"start":{"line":19,"column":4},"end":{"line":24,"column":6}}},"branchMap":{}},"app/js/dash/DashContext.js":{"path":"app/js/dash/DashContext.js","s":{"1":1,"2":226,"3":231,"4":231,"5":231,"6":231,"7":231,"8":231,"9":231,"10":231,"11":1,"12":1},"b":{},"f":{"1":226,"2":231},"fnMap":{"1":{"name":"(anonymous_1)","line":14,"loc":{"start":{"line":14,"column":22},"end":{"line":14,"column":34}}},"2":{"name":"(anonymous_2)","line":19,"loc":{"start":{"line":19,"column":16},"end":{"line":19,"column":28}}}},"statementMap":{"1":{"start":{"line":14,"column":0},"end":{"line":31,"column":2}},"2":{"start":{"line":17,"column":4},"end":{"line":30,"column":6}},"3":{"start":{"line":20,"column":12},"end":{"line":20,"column":59}},"4":{"start":{"line":22,"column":12},"end":{"line":22,"column":73}},"5":{"start":{"line":23,"column":12},"end":{"line":23,"column":80}},"6":{"start":{"line":24,"column":12},"end":{"line":24,"column":84}},"7":{"start":{"line":25,"column":12},"end":{"line":25,"column":86}},"8":{"start":{"line":26,"column":12},"end":{"line":26,"column":94}},"9":{"start":{"line":27,"column":12},"end":{"line":27,"column":92}},"10":{"start":{"line":28,"column":12},"end":{"line":28,"column":95}},"11":{"start":{"line":33,"column":0},"end":{"line":33,"column":61}},"12":{"start":{"line":34,"column":0},"end":{"line":34,"column":64}}},"branchMap":{}},"app/js/dash/BaseURLExtensions.js":{"path":"app/js/dash/BaseURLExtensions.js","s":{"1":1,"2":28,"3":0,"4":0,"5":0,"6":0,"7":0,"8":0,"9":0,"10":0,"11":0,"12":0,"13":0,"14":0,"15":0,"16":0,"17":0,"18":0,"19":0,"20":0,"21":0,"22":0,"23":0,"24":0,"25":0,"26":0,"27":0,"28":0,"29":0,"30":0,"31":0,"32":0,"33":0,"34":0,"35":0,"36":0,"37":0,"38":0,"39":0,"40":0,"41":0,"42":0,"43":0,"44":0,"45":0,"46":0,"47":0,"48":0,"49":0,"50":0,"51":0,"52":0,"53":0,"54":0,"55":0,"56":0,"57":0,"58":0,"59":0,"60":0,"61":0,"62":0,"63":0,"64":0,"65":0,"66":0,"67":0,"68":0,"69":0,"70":0,"71":0,"72":0,"73":0,"74":0,"75":0,"76":0,"77":0,"78":0,"79":0,"80":0,"81":0,"82":0,"83":0,"84":0,"85":0,"86":0,"87":0,"88":0,"89":0,"90":0,"91":0,"92":0,"93":0,"94":0,"95":0,"96":0,"97":0,"98":0,"99":0,"100":0,"101":0,"102":0,"103":0,"104":0,"105":0,"106":0,"107":0,"108":0,"109":0,"110":0,"111":0,"112":0,"113":0,"114":0,"115":0,"116":0,"117":0,"118":0,"119":0,"120":0,"121":0,"122":0,"123":0,"124":0,"125":0,"126":0,"127":0,"128":0,"129":0,"130":0,"131":0,"132":0,"133":0,"134":0,"135":0,"136":0,"137":0,"138":0,"139":0,"140":0,"141":0,"142":0,"143":0,"144":0,"145":0,"146":0,"147":0,"148":0,"149":0,"150":0,"151":0,"152":0,"153":0,"154":0,"155":0,"156":0,"157":0,"158":0,"159":0,"160":0,"161":0,"162":0,"163":0,"164":0,"165":0,"166":0,"167":0,"168":0,"169":0,"170":0,"171":0,"172":0,"173":0,"174":0,"175":0,"176":0,"177":0,"178":0,"179":0,"180":0,"181":0,"182":0,"183":0,"184":0,"185":0,"186":0,"187":0,"188":0,"189":0,"190":0,"191":0,"192":0,"193":0,"194":0,"195":0,"196":0,"197":0,"198":0,"199":0,"200":0,"201":0,"202":0,"203":0,"204":0,"205":0,"206":0,"207":0,"208":0,"209":0,"210":0,"211":0,"212":0,"213":0,"214":0,"215":0,"216":0,"217":0,"218":0,"219":0,"220":0,"221":0,"222":0,"223":0,"224":0,"225":0,"226":0,"227":0,"228":0,"229":0,"230":28,"231":1},"b":{"1":[0,0],"2":[0,0],"3":[0,0,0],"4":[0,0],"5":[0,0],"6":[0,0],"7":[0,0],"8":[0,0],"9":[0,0],"10":[0,0],"11":[0,0],"12":[0,0],"13":[0,0],"14":[0,0],"15":[0,0],"16":[0,0],"17":[0,0],"18":[0,0],"19":[0,0],"20":[0,0],"21":[0,0],"22":[0,0],"23":[0,0],"24":[0,0],"25":[0,0],"26":[0,0],"27":[0,0,0],"28":[0,0],"29":[0,0],"30":[0,0],"31":[0,0],"32":[0,0],"33":[0,0]},"f":{"1":28,"2":0,"3":0,"4":0,"5":0,"6":0,"7":0,"8":0,"9":0,"10":0,"11":0,"12":0,"13":0,"14":0,"15":0,"16":0,"17":0,"18":0,"19":0,"20":0,"21":0,"22":0,"23":0,"24":0},"fnMap":{"1":{"name":"(anonymous_1)","line":14,"loc":{"start":{"line":14,"column":38},"end":{"line":14,"column":50}}},"2":{"name":"(anonymous_2)","line":18,"loc":{"start":{"line":18,"column":20},"end":{"line":18,"column":56}}},"3":{"name":"(anonymous_3)","line":113,"loc":{"start":{"line":113,"column":24},"end":{"line":113,"column":55}}},"4":{"name":"(anonymous_4)","line":145,"loc":{"start":{"line":145,"column":19},"end":{"line":145,"column":41}}},"5":{"name":"(anonymous_5)","line":202,"loc":{"start":{"line":202,"column":36},"end":{"line":202,"column":48}}},"6":{"name":"(anonymous_6)","line":208,"loc":{"start":{"line":208,"column":33},"end":{"line":208,"column":45}}},"7":{"name":"(anonymous_7)","line":212,"loc":{"start":{"line":212,"column":24},"end":{"line":212,"column":44}}},"8":{"name":"(anonymous_8)","line":218,"loc":{"start":{"line":218,"column":34},"end":{"line":218,"column":46}}},"9":{"name":"(anonymous_9)","line":241,"loc":{"start":{"line":241,"column":19},"end":{"line":241,"column":36}}},"10":{"name":"(anonymous_10)","line":259,"loc":{"start":{"line":259,"column":29},"end":{"line":259,"column":41}}},"11":{"name":"(anonymous_11)","line":268,"loc":{"start":{"line":268,"column":20},"end":{"line":268,"column":37}}},"12":{"name":"(anonymous_12)","line":274,"loc":{"start":{"line":274,"column":50},"end":{"line":274,"column":62}}},"13":{"name":"(anonymous_13)","line":295,"loc":{"start":{"line":295,"column":19},"end":{"line":295,"column":41}}},"14":{"name":"(anonymous_14)","line":352,"loc":{"start":{"line":352,"column":33},"end":{"line":352,"column":45}}},"15":{"name":"(anonymous_15)","line":361,"loc":{"start":{"line":361,"column":24},"end":{"line":361,"column":44}}},"16":{"name":"(anonymous_16)","line":367,"loc":{"start":{"line":367,"column":54},"end":{"line":367,"column":66}}},"17":{"name":"(anonymous_17)","line":422,"loc":{"start":{"line":422,"column":24},"end":{"line":422,"column":43}}},"18":{"name":"(anonymous_18)","line":429,"loc":{"start":{"line":429,"column":24},"end":{"line":429,"column":47}}},"19":{"name":"(anonymous_19)","line":437,"loc":{"start":{"line":437,"column":24},"end":{"line":437,"column":44}}},"20":{"name":"(anonymous_20)","line":447,"loc":{"start":{"line":447,"column":23},"end":{"line":447,"column":50}}},"21":{"name":"(anonymous_21)","line":475,"loc":{"start":{"line":475,"column":29},"end":{"line":475,"column":41}}},"22":{"name":"(anonymous_22)","line":488,"loc":{"start":{"line":488,"column":24},"end":{"line":488,"column":44}}},"23":{"name":"(anonymous_23)","line":494,"loc":{"start":{"line":494,"column":24},"end":{"line":494,"column":44}}},"24":{"name":"(anonymous_24)","line":501,"loc":{"start":{"line":501,"column":50},"end":{"line":501,"column":62}}}},"statementMap":{"1":{"start":{"line":14,"column":0},"end":{"line":532,"column":2}},"2":{"start":{"line":18,"column":4},"end":{"line":520,"column":10}},"3":{"start":{"line":19,"column":12},"end":{"line":31,"column":25}},"4":{"start":{"line":33,"column":12},"end":{"line":52,"column":13}},"5":{"start":{"line":34,"column":16},"end":{"line":34,"column":40}},"6":{"start":{"line":35,"column":16},"end":{"line":35,"column":25}},"7":{"start":{"line":37,"column":16},"end":{"line":37,"column":26}},"8":{"start":{"line":38,"column":16},"end":{"line":42,"column":17}},"9":{"start":{"line":39,"column":20},"end":{"line":39,"column":46}},"10":{"start":{"line":40,"column":20},"end":{"line":40,"column":58}},"11":{"start":{"line":41,"column":20},"end":{"line":41,"column":29}},"12":{"start":{"line":44,"column":16},"end":{"line":51,"column":17}},"13":{"start":{"line":45,"column":20},"end":{"line":45,"column":36}},"14":{"start":{"line":46,"column":23},"end":{"line":51,"column":17}},"15":{"start":{"line":50,"column":20},"end":{"line":50,"column":29}},"16":{"start":{"line":54,"column":12},"end":{"line":54,"column":52}},"17":{"start":{"line":55,"column":12},"end":{"line":57,"column":13}},"18":{"start":{"line":56,"column":16},"end":{"line":56,"column":59}},"19":{"start":{"line":59,"column":12},"end":{"line":59,"column":47}},"20":{"start":{"line":60,"column":12},"end":{"line":60,"column":22}},"21":{"start":{"line":63,"column":12},"end":{"line":63,"column":57}},"22":{"start":{"line":64,"column":12},"end":{"line":64,"column":21}},"23":{"start":{"line":66,"column":12},"end":{"line":76,"column":13}},"24":{"start":{"line":67,"column":16},"end":{"line":67,"column":74}},"25":{"start":{"line":68,"column":16},"end":{"line":68,"column":64}},"26":{"start":{"line":69,"column":16},"end":{"line":69,"column":25}},"27":{"start":{"line":72,"column":16},"end":{"line":72,"column":129}},"28":{"start":{"line":74,"column":16},"end":{"line":74,"column":103}},"29":{"start":{"line":75,"column":16},"end":{"line":75,"column":26}},"30":{"start":{"line":78,"column":12},"end":{"line":78,"column":71}},"31":{"start":{"line":81,"column":12},"end":{"line":81,"column":63}},"32":{"start":{"line":82,"column":12},"end":{"line":82,"column":21}},"33":{"start":{"line":84,"column":12},"end":{"line":84,"column":33}},"34":{"start":{"line":85,"column":12},"end":{"line":85,"column":39}},"35":{"start":{"line":86,"column":12},"end":{"line":86,"column":51}},"36":{"start":{"line":88,"column":12},"end":{"line":104,"column":13}},"37":{"start":{"line":89,"column":16},"end":{"line":89,"column":51}},"38":{"start":{"line":90,"column":16},"end":{"line":90,"column":45}},"39":{"start":{"line":91,"column":16},"end":{"line":91,"column":49}},"40":{"start":{"line":92,"column":16},"end":{"line":92,"column":54}},"41":{"start":{"line":93,"column":16},"end":{"line":93,"column":26}},"42":{"start":{"line":94,"column":16},"end":{"line":101,"column":19}},"43":{"start":{"line":102,"column":16},"end":{"line":102,"column":35}},"44":{"start":{"line":103,"column":16},"end":{"line":103,"column":32}},"45":{"start":{"line":106,"column":12},"end":{"line":108,"column":13}},"46":{"start":{"line":107,"column":16},"end":{"line":107,"column":86}},"47":{"start":{"line":110,"column":12},"end":{"line":110,"column":24}},"48":{"start":{"line":114,"column":12},"end":{"line":121,"column":20}},"49":{"start":{"line":123,"column":12},"end":{"line":123,"column":56}},"50":{"start":{"line":124,"column":12},"end":{"line":124,"column":36}},"51":{"start":{"line":125,"column":12},"end":{"line":125,"column":26}},"52":{"start":{"line":127,"column":12},"end":{"line":139,"column":13}},"53":{"start":{"line":128,"column":16},"end":{"line":128,"column":48}},"54":{"start":{"line":129,"column":16},"end":{"line":129,"column":51}},"55":{"start":{"line":130,"column":16},"end":{"line":130,"column":38}},"56":{"start":{"line":131,"column":16},"end":{"line":131,"column":48}},"57":{"start":{"line":132,"column":16},"end":{"line":132,"column":53}},"58":{"start":{"line":134,"column":16},"end":{"line":134,"column":38}},"59":{"start":{"line":135,"column":16},"end":{"line":135,"column":54}},"60":{"start":{"line":136,"column":16},"end":{"line":136,"column":55}},"61":{"start":{"line":138,"column":16},"end":{"line":138,"column":39}},"62":{"start":{"line":141,"column":12},"end":{"line":141,"column":81}},"63":{"start":{"line":142,"column":12},"end":{"line":142,"column":36}},"64":{"start":{"line":146,"column":12},"end":{"line":161,"column":28}},"65":{"start":{"line":163,"column":12},"end":{"line":163,"column":60}},"66":{"start":{"line":165,"column":12},"end":{"line":185,"column":13}},"67":{"start":{"line":166,"column":16},"end":{"line":166,"column":40}},"68":{"start":{"line":167,"column":16},"end":{"line":167,"column":25}},"69":{"start":{"line":169,"column":16},"end":{"line":169,"column":26}},"70":{"start":{"line":170,"column":16},"end":{"line":174,"column":17}},"71":{"start":{"line":171,"column":20},"end":{"line":171,"column":39}},"72":{"start":{"line":172,"column":20},"end":{"line":172,"column":51}},"73":{"start":{"line":173,"column":20},"end":{"line":173,"column":29}},"74":{"start":{"line":176,"column":16},"end":{"line":178,"column":17}},"75":{"start":{"line":177,"column":20},"end":{"line":177,"column":35}},"76":{"start":{"line":179,"column":16},"end":{"line":181,"column":17}},"77":{"start":{"line":180,"column":20},"end":{"line":180,"column":35}},"78":{"start":{"line":182,"column":16},"end":{"line":184,"column":17}},"79":{"start":{"line":183,"column":20},"end":{"line":183,"column":36}},"80":{"start":{"line":187,"column":12},"end":{"line":187,"column":48}},"81":{"start":{"line":189,"column":12},"end":{"line":236,"column":13}},"82":{"start":{"line":196,"column":16},"end":{"line":196,"column":77}},"83":{"start":{"line":197,"column":16},"end":{"line":197,"column":37}},"84":{"start":{"line":198,"column":16},"end":{"line":198,"column":69}},"85":{"start":{"line":200,"column":16},"end":{"line":200,"column":47}},"86":{"start":{"line":202,"column":16},"end":{"line":206,"column":18}},"87":{"start":{"line":203,"column":20},"end":{"line":205,"column":21}},"88":{"start":{"line":204,"column":24},"end":{"line":204,"column":73}},"89":{"start":{"line":208,"column":16},"end":{"line":216,"column":18}},"90":{"start":{"line":209,"column":20},"end":{"line":209,"column":34}},"91":{"start":{"line":210,"column":20},"end":{"line":210,"column":54}},"92":{"start":{"line":211,"column":20},"end":{"line":215,"column":22}},"93":{"start":{"line":213,"column":28},"end":{"line":213,"column":55}},"94":{"start":{"line":218,"column":16},"end":{"line":220,"column":18}},"95":{"start":{"line":219,"column":20},"end":{"line":219,"column":69}},"96":{"start":{"line":222,"column":16},"end":{"line":222,"column":91}},"97":{"start":{"line":223,"column":16},"end":{"line":223,"column":53}},"98":{"start":{"line":224,"column":16},"end":{"line":224,"column":102}},"99":{"start":{"line":225,"column":16},"end":{"line":225,"column":84}},"100":{"start":{"line":226,"column":16},"end":{"line":226,"column":35}},"101":{"start":{"line":230,"column":16},"end":{"line":230,"column":57}},"102":{"start":{"line":231,"column":16},"end":{"line":231,"column":38}},"103":{"start":{"line":232,"column":16},"end":{"line":232,"column":43}},"104":{"start":{"line":234,"column":16},"end":{"line":234,"column":78}},"105":{"start":{"line":235,"column":16},"end":{"line":235,"column":41}},"106":{"start":{"line":238,"column":12},"end":{"line":238,"column":36}},"107":{"start":{"line":242,"column":12},"end":{"line":253,"column":18}},"108":{"start":{"line":255,"column":12},"end":{"line":255,"column":66}},"109":{"start":{"line":256,"column":12},"end":{"line":256,"column":33}},"110":{"start":{"line":257,"column":12},"end":{"line":257,"column":46}},"111":{"start":{"line":259,"column":12},"end":{"line":272,"column":14}},"112":{"start":{"line":260,"column":16},"end":{"line":263,"column":17}},"113":{"start":{"line":262,"column":18},"end":{"line":262,"column":25}},"114":{"start":{"line":264,"column":16},"end":{"line":264,"column":42}},"115":{"start":{"line":266,"column":16},"end":{"line":266,"column":50}},"116":{"start":{"line":267,"column":16},"end":{"line":271,"column":18}},"117":{"start":{"line":269,"column":24},"end":{"line":269,"column":48}},"118":{"start":{"line":274,"column":12},"end":{"line":283,"column":14}},"119":{"start":{"line":275,"column":16},"end":{"line":278,"column":17}},"120":{"start":{"line":277,"column":18},"end":{"line":277,"column":25}},"121":{"start":{"line":279,"column":16},"end":{"line":279,"column":42}},"122":{"start":{"line":281,"column":16},"end":{"line":281,"column":83}},"123":{"start":{"line":282,"column":16},"end":{"line":282,"column":41}},"124":{"start":{"line":285,"column":12},"end":{"line":285,"column":87}},"125":{"start":{"line":286,"column":12},"end":{"line":286,"column":49}},"126":{"start":{"line":287,"column":12},"end":{"line":287,"column":98}},"127":{"start":{"line":288,"column":12},"end":{"line":288,"column":80}},"128":{"start":{"line":289,"column":12},"end":{"line":289,"column":31}},"129":{"start":{"line":290,"column":12},"end":{"line":290,"column":63}},"130":{"start":{"line":292,"column":12},"end":{"line":292,"column":36}},"131":{"start":{"line":296,"column":12},"end":{"line":312,"column":28}},"132":{"start":{"line":314,"column":12},"end":{"line":314,"column":54}},"133":{"start":{"line":315,"column":12},"end":{"line":315,"column":64}},"134":{"start":{"line":317,"column":12},"end":{"line":331,"column":13}},"135":{"start":{"line":318,"column":16},"end":{"line":318,"column":40}},"136":{"start":{"line":319,"column":16},"end":{"line":319,"column":25}},"137":{"start":{"line":321,"column":16},"end":{"line":321,"column":26}},"138":{"start":{"line":322,"column":16},"end":{"line":326,"column":17}},"139":{"start":{"line":323,"column":20},"end":{"line":323,"column":39}},"140":{"start":{"line":324,"column":20},"end":{"line":324,"column":51}},"141":{"start":{"line":325,"column":20},"end":{"line":325,"column":29}},"142":{"start":{"line":328,"column":16},"end":{"line":330,"column":17}},"143":{"start":{"line":329,"column":20},"end":{"line":329,"column":36}},"144":{"start":{"line":333,"column":12},"end":{"line":333,"column":48}},"145":{"start":{"line":335,"column":12},"end":{"line":442,"column":13}},"146":{"start":{"line":342,"column":16},"end":{"line":342,"column":34}},"147":{"start":{"line":343,"column":19},"end":{"line":442,"column":13}},"148":{"start":{"line":347,"column":16},"end":{"line":347,"column":74}},"149":{"start":{"line":349,"column":16},"end":{"line":349,"column":37}},"150":{"start":{"line":350,"column":16},"end":{"line":350,"column":76}},"151":{"start":{"line":352,"column":16},"end":{"line":365,"column":18}},"152":{"start":{"line":353,"column":20},"end":{"line":356,"column":21}},"153":{"start":{"line":355,"column":22},"end":{"line":355,"column":29}},"154":{"start":{"line":357,"column":20},"end":{"line":357,"column":46}},"155":{"start":{"line":359,"column":20},"end":{"line":359,"column":54}},"156":{"start":{"line":360,"column":20},"end":{"line":364,"column":22}},"157":{"start":{"line":362,"column":28},"end":{"line":362,"column":55}},"158":{"start":{"line":367,"column":16},"end":{"line":376,"column":18}},"159":{"start":{"line":368,"column":20},"end":{"line":371,"column":21}},"160":{"start":{"line":370,"column":22},"end":{"line":370,"column":29}},"161":{"start":{"line":372,"column":20},"end":{"line":372,"column":46}},"162":{"start":{"line":374,"column":20},"end":{"line":374,"column":77}},"163":{"start":{"line":375,"column":20},"end":{"line":375,"column":45}},"164":{"start":{"line":378,"column":16},"end":{"line":378,"column":91}},"165":{"start":{"line":379,"column":16},"end":{"line":379,"column":53}},"166":{"start":{"line":380,"column":16},"end":{"line":380,"column":102}},"167":{"start":{"line":381,"column":16},"end":{"line":381,"column":84}},"168":{"start":{"line":382,"column":16},"end":{"line":382,"column":35}},"169":{"start":{"line":386,"column":16},"end":{"line":386,"column":43}},"170":{"start":{"line":387,"column":16},"end":{"line":387,"column":57}},"171":{"start":{"line":389,"column":16},"end":{"line":389,"column":112}},"172":{"start":{"line":391,"column":16},"end":{"line":391,"column":79}},"173":{"start":{"line":392,"column":16},"end":{"line":392,"column":52}},"174":{"start":{"line":393,"column":16},"end":{"line":393,"column":102}},"175":{"start":{"line":394,"column":16},"end":{"line":394,"column":39}},"176":{"start":{"line":396,"column":16},"end":{"line":396,"column":80}},"177":{"start":{"line":403,"column":16},"end":{"line":403,"column":40}},"178":{"start":{"line":404,"column":16},"end":{"line":406,"column":17}},"179":{"start":{"line":405,"column":20},"end":{"line":405,"column":56}},"180":{"start":{"line":408,"column":16},"end":{"line":441,"column":17}},"181":{"start":{"line":409,"column":20},"end":{"line":409,"column":67}},"182":{"start":{"line":411,"column":20},"end":{"line":411,"column":60}},"183":{"start":{"line":413,"column":20},"end":{"line":419,"column":21}},"184":{"start":{"line":414,"column":24},"end":{"line":414,"column":43}},"185":{"start":{"line":415,"column":24},"end":{"line":415,"column":61}},"186":{"start":{"line":416,"column":24},"end":{"line":416,"column":42}},"187":{"start":{"line":418,"column":24},"end":{"line":418,"column":78}},"188":{"start":{"line":421,"column":20},"end":{"line":432,"column":22}},"189":{"start":{"line":423,"column":28},"end":{"line":423,"column":38}},"190":{"start":{"line":424,"column":28},"end":{"line":426,"column":29}},"191":{"start":{"line":425,"column":32},"end":{"line":425,"column":63}},"192":{"start":{"line":427,"column":28},"end":{"line":427,"column":51}},"193":{"start":{"line":430,"column":28},"end":{"line":430,"column":57}},"194":{"start":{"line":435,"column":20},"end":{"line":435,"column":66}},"195":{"start":{"line":436,"column":20},"end":{"line":440,"column":22}},"196":{"start":{"line":438,"column":28},"end":{"line":438,"column":55}},"197":{"start":{"line":444,"column":12},"end":{"line":444,"column":36}},"198":{"start":{"line":448,"column":12},"end":{"line":460,"column":18}},"199":{"start":{"line":464,"column":12},"end":{"line":473,"column":13}},"200":{"start":{"line":465,"column":16},"end":{"line":465,"column":67}},"201":{"start":{"line":466,"column":16},"end":{"line":466,"column":38}},"202":{"start":{"line":467,"column":16},"end":{"line":467,"column":37}},"203":{"start":{"line":468,"column":16},"end":{"line":468,"column":50}},"204":{"start":{"line":470,"column":16},"end":{"line":470,"column":44}},"205":{"start":{"line":471,"column":16},"end":{"line":471,"column":56}},"206":{"start":{"line":472,"column":16},"end":{"line":472,"column":54}},"207":{"start":{"line":475,"column":12},"end":{"line":499,"column":14}},"208":{"start":{"line":476,"column":16},"end":{"line":479,"column":17}},"209":{"start":{"line":478,"column":18},"end":{"line":478,"column":25}},"210":{"start":{"line":480,"column":16},"end":{"line":480,"column":42}},"211":{"start":{"line":485,"column":16},"end":{"line":498,"column":17}},"212":{"start":{"line":486,"column":20},"end":{"line":486,"column":54}},"213":{"start":{"line":487,"column":20},"end":{"line":491,"column":22}},"214":{"start":{"line":489,"column":28},"end":{"line":489,"column":55}},"215":{"start":{"line":493,"column":20},"end":{"line":497,"column":22}},"216":{"start":{"line":495,"column":28},"end":{"line":495,"column":55}},"217":{"start":{"line":501,"column":12},"end":{"line":510,"column":14}},"218":{"start":{"line":502,"column":16},"end":{"line":505,"column":17}},"219":{"start":{"line":504,"column":18},"end":{"line":504,"column":25}},"220":{"start":{"line":506,"column":16},"end":{"line":506,"column":42}},"221":{"start":{"line":508,"column":16},"end":{"line":508,"column":73}},"222":{"start":{"line":509,"column":16},"end":{"line":509,"column":41}},"223":{"start":{"line":512,"column":12},"end":{"line":512,"column":87}},"224":{"start":{"line":513,"column":12},"end":{"line":513,"column":49}},"225":{"start":{"line":514,"column":12},"end":{"line":514,"column":98}},"226":{"start":{"line":515,"column":12},"end":{"line":515,"column":80}},"227":{"start":{"line":516,"column":12},"end":{"line":516,"column":31}},"228":{"start":{"line":517,"column":12},"end":{"line":517,"column":61}},"229":{"start":{"line":519,"column":12},"end":{"line":519,"column":36}},"230":{"start":{"line":522,"column":4},"end":{"line":531,"column":6}},"231":{"start":{"line":534,"column":0},"end":{"line":536,"column":2}}},"branchMap":{"1":{"line":33,"type":"binary-expr","locations":[{"start":{"line":33,"column":19},"end":{"line":33,"column":34}},{"start":{"line":33,"column":38},"end":{"line":33,"column":56}}]},"2":{"line":44,"type":"if","locations":[{"start":{"line":44,"column":16},"end":{"line":44,"column":16}},{"start":{"line":44,"column":16},"end":{"line":44,"column":16}}]},"3":{"line":44,"type":"binary-expr","locations":[{"start":{"line":44,"column":20},"end":{"line":44,"column":35}},{"start":{"line":44,"column":39},"end":{"line":44,"column":54}},{"start":{"line":44,"column":58},"end":{"line":44,"column":73}}]},"4":{"line":46,"type":"if","locations":[{"start":{"line":46,"column":23},"end":{"line":46,"column":23}},{"start":{"line":46,"column":23},"end":{"line":46,"column":23}}]},"5":{"line":55,"type":"if","locations":[{"start":{"line":55,"column":12},"end":{"line":55,"column":12}},{"start":{"line":55,"column":12},"end":{"line":55,"column":12}}]},"6":{"line":66,"type":"if","locations":[{"start":{"line":66,"column":12},"end":{"line":66,"column":12}},{"start":{"line":66,"column":12},"end":{"line":66,"column":12}}]},"7":{"line":78,"type":"binary-expr","locations":[{"start":{"line":78,"column":44},"end":{"line":78,"column":64}},{"start":{"line":78,"column":68},"end":{"line":78,"column":69}}]},"8":{"line":106,"type":"if","locations":[{"start":{"line":106,"column":12},"end":{"line":106,"column":12}},{"start":{"line":106,"column":12},"end":{"line":106,"column":12}}]},"9":{"line":165,"type":"binary-expr","locations":[{"start":{"line":165,"column":19},"end":{"line":165,"column":34}},{"start":{"line":165,"column":38},"end":{"line":165,"column":56}}]},"10":{"line":176,"type":"if","locations":[{"start":{"line":176,"column":16},"end":{"line":176,"column":16}},{"start":{"line":176,"column":16},"end":{"line":176,"column":16}}]},"11":{"line":179,"type":"if","locations":[{"start":{"line":179,"column":16},"end":{"line":179,"column":16}},{"start":{"line":179,"column":16},"end":{"line":179,"column":16}}]},"12":{"line":182,"type":"if","locations":[{"start":{"line":182,"column":16},"end":{"line":182,"column":16}},{"start":{"line":182,"column":16},"end":{"line":182,"column":16}}]},"13":{"line":189,"type":"if","locations":[{"start":{"line":189,"column":12},"end":{"line":189,"column":12}},{"start":{"line":189,"column":12},"end":{"line":189,"column":12}}]},"14":{"line":203,"type":"if","locations":[{"start":{"line":203,"column":20},"end":{"line":203,"column":20}},{"start":{"line":203,"column":20},"end":{"line":203,"column":20}}]},"15":{"line":230,"type":"cond-expr","locations":[{"start":{"line":230,"column":45},"end":{"line":230,"column":49}},{"start":{"line":230,"column":52},"end":{"line":230,"column":56}}]},"16":{"line":260,"type":"if","locations":[{"start":{"line":260,"column":16},"end":{"line":260,"column":16}},{"start":{"line":260,"column":16},"end":{"line":260,"column":16}}]},"17":{"line":260,"type":"binary-expr","locations":[{"start":{"line":260,"column":20},"end":{"line":260,"column":40}},{"start":{"line":260,"column":44},"end":{"line":260,"column":64}}]},"18":{"line":275,"type":"if","locations":[{"start":{"line":275,"column":16},"end":{"line":275,"column":16}},{"start":{"line":275,"column":16},"end":{"line":275,"column":16}}]},"19":{"line":317,"type":"binary-expr","locations":[{"start":{"line":317,"column":19},"end":{"line":317,"column":34}},{"start":{"line":317,"column":38},"end":{"line":317,"column":56}}]},"20":{"line":328,"type":"if","locations":[{"start":{"line":328,"column":16},"end":{"line":328,"column":16}},{"start":{"line":328,"column":16},"end":{"line":328,"column":16}}]},"21":{"line":335,"type":"if","locations":[{"start":{"line":335,"column":12},"end":{"line":335,"column":12}},{"start":{"line":335,"column":12},"end":{"line":335,"column":12}}]},"22":{"line":343,"type":"if","locations":[{"start":{"line":343,"column":19},"end":{"line":343,"column":19}},{"start":{"line":343,"column":19},"end":{"line":343,"column":19}}]},"23":{"line":353,"type":"if","locations":[{"start":{"line":353,"column":20},"end":{"line":353,"column":20}},{"start":{"line":353,"column":20},"end":{"line":353,"column":20}}]},"24":{"line":353,"type":"binary-expr","locations":[{"start":{"line":353,"column":24},"end":{"line":353,"column":44}},{"start":{"line":353,"column":48},"end":{"line":353,"column":68}}]},"25":{"line":368,"type":"if","locations":[{"start":{"line":368,"column":20},"end":{"line":368,"column":20}},{"start":{"line":368,"column":20},"end":{"line":368,"column":20}}]},"26":{"line":404,"type":"if","locations":[{"start":{"line":404,"column":16},"end":{"line":404,"column":16}},{"start":{"line":404,"column":16},"end":{"line":404,"column":16}}]},"27":{"line":404,"type":"binary-expr","locations":[{"start":{"line":404,"column":20},"end":{"line":404,"column":32}},{"start":{"line":404,"column":36},"end":{"line":404,"column":53}},{"start":{"line":404,"column":57},"end":{"line":404,"column":71}}]},"28":{"line":408,"type":"if","locations":[{"start":{"line":408,"column":16},"end":{"line":408,"column":16}},{"start":{"line":408,"column":16},"end":{"line":408,"column":16}}]},"29":{"line":464,"type":"if","locations":[{"start":{"line":464,"column":12},"end":{"line":464,"column":12}},{"start":{"line":464,"column":12},"end":{"line":464,"column":12}}]},"30":{"line":476,"type":"if","locations":[{"start":{"line":476,"column":16},"end":{"line":476,"column":16}},{"start":{"line":476,"column":16},"end":{"line":476,"column":16}}]},"31":{"line":476,"type":"binary-expr","locations":[{"start":{"line":476,"column":20},"end":{"line":476,"column":40}},{"start":{"line":476,"column":44},"end":{"line":476,"column":64}}]},"32":{"line":485,"type":"if","locations":[{"start":{"line":485,"column":16},"end":{"line":485,"column":16}},{"start":{"line":485,"column":16},"end":{"line":485,"column":16}}]},"33":{"line":502,"type":"if","locations":[{"start":{"line":502,"column":16},"end":{"line":502,"column":16}},{"start":{"line":502,"column":16},"end":{"line":502,"column":16}}]}}},"app/js/dash/DashHandler.js":{"path":"app/js/dash/DashHandler.js","s":{"1":1,"2":28,"3":0,"4":0,"5":0,"6":0,"7":0,"8":0,"9":0,"10":0,"11":0,"12":0,"13":0,"14":0,"15":0,"16":0,"17":0,"18":0,"19":0,"20":0,"21":0,"22":0,"23":0,"24":0,"25":0,"26":0,"27":0,"28":0,"29":0,"30":0,"31":0,"32":0,"33":0,"34":0,"35":0,"36":0,"37":0,"38":0,"39":0,"40":0,"41":0,"42":0,"43":0,"44":0,"45":0,"46":0,"47":0,"48":0,"49":0,"50":0,"51":0,"52":0,"53":0,"54":0,"55":0,"56":0,"57":0,"58":0,"59":0,"60":0,"61":0,"62":0,"63":0,"64":0,"65":0,"66":0,"67":0,"68":0,"69":0,"70":0,"71":0,"72":0,"73":0,"74":0,"75":0,"76":0,"77":0,"78":0,"79":0,"80":0,"81":0,"82":0,"83":0,"84":0,"85":0,"86":0,"87":0,"88":0,"89":0,"90":0,"91":0,"92":0,"93":0,"94":0,"95":0,"96":0,"97":0,"98":0,"99":0,"100":0,"101":0,"102":0,"103":0,"104":0,"105":0,"106":0,"107":0,"108":0,"109":0,"110":0,"111":0,"112":0,"113":0,"114":0,"115":0,"116":0,"117":0,"118":0,"119":0,"120":0,"121":0,"122":0,"123":0,"124":0,"125":0,"126":0,"127":0,"128":0,"129":0,"130":0,"131":0,"132":0,"133":0,"134":0,"135":0,"136":0,"137":0,"138":0,"139":0,"140":0,"141":0,"142":0,"143":0,"144":0,"145":0,"146":0,"147":0,"148":0,"149":0,"150":0,"151":0,"152":0,"153":0,"154":0,"155":0,"156":0,"157":0,"158":0,"159":0,"160":0,"161":0,"162":0,"163":0,"164":0,"165":0,"166":0,"167":0,"168":0,"169":0,"170":0,"171":0,"172":0,"173":0,"174":0,"175":0,"176":0,"177":0,"178":0,"179":0,"180":0,"181":0,"182":0,"183":0,"184":0,"185":0,"186":0,"187":0,"188":0,"189":0,"190":0,"191":0,"192":0,"193":0,"194":0,"195":0,"196":0,"197":0,"198":0,"199":0,"200":0,"201":0,"202":0,"203":0,"204":0,"205":0,"206":0,"207":0,"208":0,"209":0,"210":0,"211":0,"212":0,"213":0,"214":0,"215":0,"216":0,"217":0,"218":0,"219":0,"220":0,"221":0,"222":0,"223":0,"224":0,"225":0,"226":0,"227":0,"228":0,"229":0,"230":0,"231":0,"232":0,"233":0,"234":0,"235":0,"236":0,"237":0,"238":0,"239":0,"240":0,"241":0,"242":0,"243":0,"244":0,"245":0,"246":0,"247":0,"248":0,"249":0,"250":0,"251":0,"252":0,"253":0,"254":0,"255":0,"256":0,"257":0,"258":0,"259":0,"260":0,"261":0,"262":0,"263":0,"264":0,"265":0,"266":0,"267":0,"268":0,"269":0,"270":0,"271":0,"272":0,"273":0,"274":0,"275":0,"276":0,"277":0,"278":0,"279":0,"280":0,"281":0,"282":0,"283":0,"284":0,"285":0,"286":0,"287":0,"288":0,"289":0,"290":0,"291":0,"292":0,"293":0,"294":0,"295":0,"296":0,"297":0,"298":0,"299":0,"300":0,"301":0,"302":0,"303":0,"304":0,"305":0,"306":0,"307":0,"308":0,"309":0,"310":0,"311":0,"312":0,"313":0,"314":0,"315":0,"316":0,"317":0,"318":0,"319":0,"320":0,"321":0,"322":0,"323":0,"324":0,"325":0,"326":0,"327":0,"328":0,"329":0,"330":0,"331":0,"332":0,"333":0,"334":0,"335":0,"336":0,"337":0,"338":0,"339":0,"340":0,"341":0,"342":0,"343":0,"344":0,"345":0,"346":0,"347":0,"348":0,"349":0,"350":0,"351":0,"352":0,"353":0,"354":0,"355":0,"356":0,"357":0,"358":0,"359":0,"360":0,"361":0,"362":0,"363":0,"364":0,"365":0,"366":0,"367":0,"368":0,"369":0,"370":0,"371":0,"372":0,"373":1,"374":1,"375":1,"376":0,"377":1,"378":1,"379":0,"380":0,"381":0,"382":0,"383":0,"384":0,"385":0,"386":0,"387":0,"388":0,"389":0,"390":0,"391":0,"392":0,"393":0,"394":0,"395":0,"396":0,"397":0,"398":0,"399":0,"400":0,"401":0,"402":0,"403":0,"404":0,"405":0,"406":0,"407":0,"408":0,"409":0,"410":0,"411":0,"412":0,"413":0,"414":0,"415":0,"416":0,"417":0,"418":28,"419":1,"420":1,"421":0,"422":0,"423":0,"424":1,"425":1},"b":{"1":[0,0],"2":[0,0],"3":[0,0],"4":[0,0],"5":[0,0,0,0,0,0,0],"6":[0,0],"7":[0,0],"8":[0,0],"9":[0,0],"10":[0,0],"11":[0,0],"12":[0,0],"13":[0,0],"14":[0,0],"15":[0,0],"16":[0,0],"17":[0,0],"18":[0,0],"19":[0,0],"20":[0,0],"21":[0,0],"22":[0,0],"23":[0,0],"24":[0,0],"25":[0,0],"26":[0,0],"27":[0,0],"28":[0,0],"29":[0,0],"30":[0,0],"31":[0,0],"32":[0,0],"33":[0,0],"34":[0,0],"35":[0,0],"36":[0,0],"37":[0,0],"38":[0,0],"39":[0,0],"40":[0,0],"41":[0,0],"42":[0,0],"43":[0,0],"44":[0,0],"45":[0,0],"46":[0,0],"47":[0,0],"48":[0,0],"49":[0,0],"50":[0,0],"51":[0,0],"52":[0,0],"53":[0,0],"54":[0,0],"55":[0,0],"56":[0,0],"57":[0,0],"58":[0,0],"59":[0,0],"60":[0,0],"61":[0,0],"62":[0,0],"63":[0,0],"64":[0,0],"65":[0,0],"66":[0,0],"67":[0,0],"68":[0,0],"69":[0,0],"70":[0,0],"71":[0,0],"72":[0,0],"73":[0,0],"74":[0,0],"75":[0,0],"76":[0,0],"77":[0,0],"78":[0,0],"79":[0,0],"80":[0,0],"81":[0,1],"82":[1,0],"83":[0,0],"84":[0,0],"85":[0,0],"86":[0,0],"87":[0,0]},"f":{"1":28,"2":0,"3":0,"4":0,"5":0,"6":0,"7":0,"8":0,"9":0,"10":0,"11":0,"12":0,"13":0,"14":0,"15":0,"16":0,"17":0,"18":0,"19":0,"20":0,"21":0,"22":0,"23":0,"24":0,"25":0,"26":0,"27":0,"28":0,"29":0,"30":0,"31":0,"32":0,"33":0,"34":0,"35":0,"36":0,"37":0,"38":0,"39":0,"40":1,"41":0,"42":0,"43":0,"44":0,"45":0,"46":0,"47":0,"48":0,"49":0,"50":1,"51":1,"52":0,"53":0,"54":0},"fnMap":{"1":{"name":"(anonymous_1)","line":14,"loc":{"start":{"line":14,"column":32},"end":{"line":14,"column":44}}},"2":{"name":"(anonymous_2)","line":23,"loc":{"start":{"line":23,"column":26},"end":{"line":23,"column":58}}},"3":{"name":"(anonymous_3)","line":31,"loc":{"start":{"line":31,"column":34},"end":{"line":31,"column":63}}},"4":{"name":"(anonymous_4)","line":101,"loc":{"start":{"line":101,"column":36},"end":{"line":101,"column":51}}},"5":{"name":"(anonymous_5)","line":105,"loc":{"start":{"line":105,"column":31},"end":{"line":105,"column":53}}},"6":{"name":"(anonymous_6)","line":111,"loc":{"start":{"line":111,"column":30},"end":{"line":111,"column":62}}},"7":{"name":"(anonymous_7)","line":115,"loc":{"start":{"line":115,"column":24},"end":{"line":115,"column":63}}},"8":{"name":"(anonymous_8)","line":131,"loc":{"start":{"line":131,"column":30},"end":{"line":131,"column":67}}},"9":{"name":"(anonymous_9)","line":151,"loc":{"start":{"line":151,"column":18},"end":{"line":151,"column":44}}},"10":{"name":"(anonymous_10)","line":172,"loc":{"start":{"line":172,"column":20},"end":{"line":172,"column":40}}},"11":{"name":"(anonymous_11)","line":179,"loc":{"start":{"line":179,"column":20},"end":{"line":179,"column":43}}},"12":{"name":"(anonymous_12)","line":188,"loc":{"start":{"line":188,"column":26},"end":{"line":188,"column":52}}},"13":{"name":"(anonymous_13)","line":224,"loc":{"start":{"line":224,"column":31},"end":{"line":224,"column":64}}},"14":{"name":"(anonymous_14)","line":255,"loc":{"start":{"line":255,"column":34},"end":{"line":255,"column":60}}},"15":{"name":"(anonymous_15)","line":279,"loc":{"start":{"line":279,"column":32},"end":{"line":279,"column":44}}},"16":{"name":"(anonymous_16)","line":377,"loc":{"start":{"line":377,"column":34},"end":{"line":377,"column":60}}},"17":{"name":"(anonymous_17)","line":396,"loc":{"start":{"line":396,"column":16},"end":{"line":396,"column":45}}},"18":{"name":"(anonymous_18)","line":429,"loc":{"start":{"line":429,"column":44},"end":{"line":429,"column":69}}},"19":{"name":"(anonymous_19)","line":476,"loc":{"start":{"line":476,"column":44},"end":{"line":476,"column":69}}},"20":{"name":"(anonymous_20)","line":515,"loc":{"start":{"line":515,"column":36},"end":{"line":515,"column":61}}},"21":{"name":"(anonymous_21)","line":520,"loc":{"start":{"line":520,"column":27},"end":{"line":520,"column":38}}},"22":{"name":"(anonymous_22)","line":538,"loc":{"start":{"line":538,"column":30},"end":{"line":538,"column":102}}},"23":{"name":"(anonymous_23)","line":577,"loc":{"start":{"line":577,"column":30},"end":{"line":577,"column":56}}},"24":{"name":"(anonymous_24)","line":595,"loc":{"start":{"line":595,"column":16},"end":{"line":595,"column":45}}},"25":{"name":"(anonymous_25)","line":627,"loc":{"start":{"line":627,"column":32},"end":{"line":627,"column":58}}},"26":{"name":"(anonymous_26)","line":645,"loc":{"start":{"line":645,"column":16},"end":{"line":645,"column":36}}},"27":{"name":"(anonymous_27)","line":673,"loc":{"start":{"line":673,"column":22},"end":{"line":673,"column":48}}},"28":{"name":"(anonymous_28)","line":694,"loc":{"start":{"line":694,"column":20},"end":{"line":694,"column":40}}},"29":{"name":"(anonymous_29)","line":713,"loc":{"start":{"line":713,"column":28},"end":{"line":713,"column":53}}},"30":{"name":"(anonymous_30)","line":720,"loc":{"start":{"line":720,"column":16},"end":{"line":720,"column":35}}},"31":{"name":"(anonymous_31)","line":729,"loc":{"start":{"line":729,"column":30},"end":{"line":729,"column":62}}},"32":{"name":"(anonymous_32)","line":789,"loc":{"start":{"line":789,"column":28},"end":{"line":789,"column":60}}},"33":{"name":"(anonymous_33)","line":817,"loc":{"start":{"line":817,"column":38},"end":{"line":817,"column":63}}},"34":{"name":"(anonymous_34)","line":834,"loc":{"start":{"line":834,"column":31},"end":{"line":834,"column":50}}},"35":{"name":"(anonymous_35)","line":868,"loc":{"start":{"line":868,"column":21},"end":{"line":868,"column":53}}},"36":{"name":"(anonymous_36)","line":887,"loc":{"start":{"line":887,"column":16},"end":{"line":887,"column":40}}},"37":{"name":"(anonymous_37)","line":897,"loc":{"start":{"line":897,"column":16},"end":{"line":897,"column":36}}},"38":{"name":"(anonymous_38)","line":904,"loc":{"start":{"line":904,"column":16},"end":{"line":904,"column":36}}},"39":{"name":"(anonymous_39)","line":928,"loc":{"start":{"line":928,"column":16},"end":{"line":928,"column":35}}},"40":{"name":"(anonymous_40)","line":938,"loc":{"start":{"line":938,"column":18},"end":{"line":938,"column":44}}},"41":{"name":"(anonymous_41)","line":963,"loc":{"start":{"line":963,"column":16},"end":{"line":963,"column":36}}},"42":{"name":"(anonymous_42)","line":974,"loc":{"start":{"line":974,"column":28},"end":{"line":974,"column":52}}},"43":{"name":"(anonymous_43)","line":984,"loc":{"start":{"line":984,"column":28},"end":{"line":984,"column":47}}},"44":{"name":"(anonymous_44)","line":997,"loc":{"start":{"line":997,"column":37},"end":{"line":997,"column":99}}},"45":{"name":"(anonymous_45)","line":1014,"loc":{"start":{"line":1014,"column":16},"end":{"line":1014,"column":36}}},"46":{"name":"(anonymous_46)","line":1026,"loc":{"start":{"line":1026,"column":16},"end":{"line":1026,"column":28}}},"47":{"name":"(anonymous_47)","line":1037,"loc":{"start":{"line":1037,"column":25},"end":{"line":1037,"column":51}}},"48":{"name":"(anonymous_48)","line":1050,"loc":{"start":{"line":1050,"column":16},"end":{"line":1050,"column":36}}},"49":{"name":"(anonymous_49)","line":1060,"loc":{"start":{"line":1060,"column":16},"end":{"line":1060,"column":28}}},"50":{"name":"(anonymous_50)","line":1078,"loc":{"start":{"line":1078,"column":17},"end":{"line":1078,"column":29}}},"51":{"name":"(anonymous_51)","line":1082,"loc":{"start":{"line":1082,"column":18},"end":{"line":1082,"column":35}}},"52":{"name":"(anonymous_52)","line":1086,"loc":{"start":{"line":1086,"column":22},"end":{"line":1086,"column":34}}},"53":{"name":"(anonymous_53)","line":1089,"loc":{"start":{"line":1089,"column":22},"end":{"line":1089,"column":39}}},"54":{"name":"(anonymous_54)","line":1094,"loc":{"start":{"line":1094,"column":18},"end":{"line":1094,"column":29}}}},"statementMap":{"1":{"start":{"line":14,"column":0},"end":{"line":1106,"column":2}},"2":{"start":{"line":17,"column":4},"end":{"line":1066,"column":10}},"3":{"start":{"line":24,"column":12},"end":{"line":26,"column":13}},"4":{"start":{"line":25,"column":16},"end":{"line":25,"column":38}},"5":{"start":{"line":28,"column":12},"end":{"line":28,"column":26}},"6":{"start":{"line":33,"column":12},"end":{"line":41,"column":28}},"7":{"start":{"line":46,"column":12},"end":{"line":98,"column":13}},"8":{"start":{"line":50,"column":16},"end":{"line":50,"column":52}},"9":{"start":{"line":51,"column":16},"end":{"line":53,"column":17}},"10":{"start":{"line":52,"column":20},"end":{"line":52,"column":31}},"11":{"start":{"line":57,"column":16},"end":{"line":57,"column":63}},"12":{"start":{"line":58,"column":16},"end":{"line":60,"column":17}},"13":{"start":{"line":59,"column":20},"end":{"line":59,"column":31}},"14":{"start":{"line":64,"column":16},"end":{"line":64,"column":75}},"15":{"start":{"line":65,"column":16},"end":{"line":95,"column":17}},"16":{"start":{"line":67,"column":20},"end":{"line":67,"column":55}},"17":{"start":{"line":68,"column":20},"end":{"line":68,"column":97}},"18":{"start":{"line":72,"column":20},"end":{"line":92,"column":21}},"19":{"start":{"line":78,"column":24},"end":{"line":78,"column":79}},"20":{"start":{"line":79,"column":24},"end":{"line":79,"column":30}},"21":{"start":{"line":81,"column":24},"end":{"line":81,"column":81}},"22":{"start":{"line":82,"column":24},"end":{"line":82,"column":30}},"23":{"start":{"line":84,"column":24},"end":{"line":84,"column":95}},"24":{"start":{"line":85,"column":24},"end":{"line":85,"column":30}},"25":{"start":{"line":87,"column":24},"end":{"line":87,"column":80}},"26":{"start":{"line":88,"column":24},"end":{"line":88,"column":30}},"27":{"start":{"line":90,"column":24},"end":{"line":90,"column":106}},"28":{"start":{"line":91,"column":24},"end":{"line":91,"column":35}},"29":{"start":{"line":94,"column":20},"end":{"line":94,"column":40}},"30":{"start":{"line":97,"column":16},"end":{"line":97,"column":91}},"31":{"start":{"line":102,"column":12},"end":{"line":102,"column":45}},"32":{"start":{"line":106,"column":12},"end":{"line":106,"column":91}},"33":{"start":{"line":106,"column":78},"end":{"line":106,"column":89}},"34":{"start":{"line":107,"column":12},"end":{"line":107,"column":37}},"35":{"start":{"line":108,"column":12},"end":{"line":108,"column":59}},"36":{"start":{"line":112,"column":12},"end":{"line":112,"column":69}},"37":{"start":{"line":116,"column":12},"end":{"line":118,"column":20}},"38":{"start":{"line":120,"column":12},"end":{"line":126,"column":13}},"39":{"start":{"line":121,"column":16},"end":{"line":121,"column":34}},"40":{"start":{"line":122,"column":19},"end":{"line":126,"column":13}},"41":{"start":{"line":123,"column":16},"end":{"line":123,"column":34}},"42":{"start":{"line":125,"column":16},"end":{"line":125,"column":44}},"43":{"start":{"line":128,"column":12},"end":{"line":128,"column":23}},"44":{"start":{"line":132,"column":12},"end":{"line":135,"column":38}},"45":{"start":{"line":137,"column":12},"end":{"line":137,"column":54}},"46":{"start":{"line":139,"column":12},"end":{"line":139,"column":44}},"47":{"start":{"line":140,"column":12},"end":{"line":140,"column":52}},"48":{"start":{"line":141,"column":12},"end":{"line":141,"column":87}},"49":{"start":{"line":142,"column":12},"end":{"line":142,"column":49}},"50":{"start":{"line":143,"column":12},"end":{"line":143,"column":49}},"51":{"start":{"line":144,"column":12},"end":{"line":144,"column":185}},"52":{"start":{"line":145,"column":12},"end":{"line":145,"column":173}},"53":{"start":{"line":146,"column":12},"end":{"line":146,"column":51}},"54":{"start":{"line":148,"column":12},"end":{"line":148,"column":27}},"55":{"start":{"line":152,"column":12},"end":{"line":155,"column":28}},"56":{"start":{"line":157,"column":12},"end":{"line":159,"column":13}},"57":{"start":{"line":158,"column":16},"end":{"line":158,"column":52}},"58":{"start":{"line":163,"column":12},"end":{"line":183,"column":13}},"59":{"start":{"line":165,"column":16},"end":{"line":165,"column":79}},"60":{"start":{"line":166,"column":16},"end":{"line":166,"column":42}},"61":{"start":{"line":169,"column":16},"end":{"line":170,"column":128}},"62":{"start":{"line":171,"column":16},"end":{"line":182,"column":18}},"63":{"start":{"line":174,"column":24},"end":{"line":174,"column":56}},"64":{"start":{"line":175,"column":24},"end":{"line":175,"column":60}},"65":{"start":{"line":176,"column":24},"end":{"line":176,"column":87}},"66":{"start":{"line":177,"column":24},"end":{"line":177,"column":50}},"67":{"start":{"line":180,"column":24},"end":{"line":180,"column":53}},"68":{"start":{"line":185,"column":12},"end":{"line":185,"column":36}},"69":{"start":{"line":189,"column":12},"end":{"line":193,"column":22}},"70":{"start":{"line":195,"column":12},"end":{"line":197,"column":13}},"71":{"start":{"line":196,"column":16},"end":{"line":196,"column":68}},"72":{"start":{"line":200,"column":12},"end":{"line":219,"column":13}},"73":{"start":{"line":203,"column":16},"end":{"line":203,"column":35}},"74":{"start":{"line":205,"column":16},"end":{"line":218,"column":17}},"75":{"start":{"line":206,"column":20},"end":{"line":206,"column":39}},"76":{"start":{"line":207,"column":23},"end":{"line":218,"column":17}},"77":{"start":{"line":208,"column":20},"end":{"line":208,"column":67}},"78":{"start":{"line":210,"column":20},"end":{"line":215,"column":21}},"79":{"start":{"line":211,"column":24},"end":{"line":211,"column":73}},"80":{"start":{"line":212,"column":24},"end":{"line":212,"column":78}},"81":{"start":{"line":213,"column":24},"end":{"line":213,"column":106}},"82":{"start":{"line":214,"column":24},"end":{"line":214,"column":58}},"83":{"start":{"line":217,"column":20},"end":{"line":217,"column":38}},"84":{"start":{"line":221,"column":12},"end":{"line":221,"column":38}},"85":{"start":{"line":225,"column":12},"end":{"line":229,"column":36}},"86":{"start":{"line":231,"column":12},"end":{"line":231,"column":54}},"87":{"start":{"line":232,"column":12},"end":{"line":232,"column":96}},"88":{"start":{"line":233,"column":12},"end":{"line":233,"column":67}},"89":{"start":{"line":235,"column":12},"end":{"line":235,"column":40}},"90":{"start":{"line":237,"column":12},"end":{"line":237,"column":48}},"91":{"start":{"line":238,"column":12},"end":{"line":238,"column":36}},"92":{"start":{"line":239,"column":12},"end":{"line":239,"column":62}},"93":{"start":{"line":241,"column":12},"end":{"line":241,"column":133}},"94":{"start":{"line":243,"column":12},"end":{"line":243,"column":185}},"95":{"start":{"line":244,"column":12},"end":{"line":244,"column":175}},"96":{"start":{"line":247,"column":12},"end":{"line":247,"column":94}},"97":{"start":{"line":249,"column":12},"end":{"line":249,"column":68}},"98":{"start":{"line":250,"column":12},"end":{"line":250,"column":40}},"99":{"start":{"line":252,"column":12},"end":{"line":252,"column":23}},"100":{"start":{"line":256,"column":12},"end":{"line":289,"column":18}},"101":{"start":{"line":280,"column":20},"end":{"line":288,"column":41}},"102":{"start":{"line":291,"column":12},"end":{"line":291,"column":50}},"103":{"start":{"line":293,"column":12},"end":{"line":293,"column":43}},"104":{"start":{"line":295,"column":12},"end":{"line":295,"column":91}},"105":{"start":{"line":299,"column":12},"end":{"line":304,"column":13}},"106":{"start":{"line":300,"column":16},"end":{"line":300,"column":49}},"107":{"start":{"line":301,"column":16},"end":{"line":301,"column":45}},"108":{"start":{"line":303,"column":16},"end":{"line":303,"column":129}},"109":{"start":{"line":306,"column":12},"end":{"line":361,"column":13}},"110":{"start":{"line":307,"column":16},"end":{"line":307,"column":36}},"111":{"start":{"line":308,"column":16},"end":{"line":308,"column":27}},"112":{"start":{"line":309,"column":16},"end":{"line":311,"column":17}},"113":{"start":{"line":310,"column":20},"end":{"line":310,"column":36}},"114":{"start":{"line":314,"column":16},"end":{"line":316,"column":17}},"115":{"start":{"line":315,"column":20},"end":{"line":315,"column":34}},"116":{"start":{"line":320,"column":16},"end":{"line":324,"column":17}},"117":{"start":{"line":321,"column":20},"end":{"line":321,"column":46}},"118":{"start":{"line":322,"column":20},"end":{"line":322,"column":151}},"119":{"start":{"line":323,"column":20},"end":{"line":323,"column":98}},"120":{"start":{"line":328,"column":16},"end":{"line":332,"column":17}},"121":{"start":{"line":329,"column":20},"end":{"line":329,"column":66}},"122":{"start":{"line":329,"column":60},"end":{"line":329,"column":66}},"123":{"start":{"line":330,"column":20},"end":{"line":330,"column":50}},"124":{"start":{"line":331,"column":20},"end":{"line":331,"column":29}},"125":{"start":{"line":334,"column":16},"end":{"line":360,"column":17}},"126":{"start":{"line":335,"column":20},"end":{"line":335,"column":41}},"127":{"start":{"line":337,"column":20},"end":{"line":357,"column":21}},"128":{"start":{"line":338,"column":24},"end":{"line":342,"column":25}},"129":{"start":{"line":339,"column":28},"end":{"line":339,"column":53}},"130":{"start":{"line":340,"column":28},"end":{"line":340,"column":74}},"131":{"start":{"line":340,"column":68},"end":{"line":340,"column":74}},"132":{"start":{"line":341,"column":28},"end":{"line":341,"column":37}},"133":{"start":{"line":344,"column":24},"end":{"line":346,"column":25}},"134":{"start":{"line":345,"column":28},"end":{"line":345,"column":74}},"135":{"start":{"line":348,"column":24},"end":{"line":352,"column":25}},"136":{"start":{"line":349,"column":28},"end":{"line":349,"column":53}},"137":{"start":{"line":350,"column":28},"end":{"line":350,"column":74}},"138":{"start":{"line":350,"column":68},"end":{"line":350,"column":74}},"139":{"start":{"line":351,"column":28},"end":{"line":351,"column":37}},"140":{"start":{"line":354,"column":24},"end":{"line":356,"column":25}},"141":{"start":{"line":355,"column":28},"end":{"line":355,"column":74}},"142":{"start":{"line":359,"column":20},"end":{"line":359,"column":35}},"143":{"start":{"line":363,"column":12},"end":{"line":372,"column":13}},"144":{"start":{"line":364,"column":16},"end":{"line":366,"column":37}},"145":{"start":{"line":368,"column":16},"end":{"line":368,"column":157}},"146":{"start":{"line":369,"column":16},"end":{"line":369,"column":141}},"147":{"start":{"line":370,"column":16},"end":{"line":370,"column":115}},"148":{"start":{"line":371,"column":16},"end":{"line":371,"column":77}},"149":{"start":{"line":374,"column":12},"end":{"line":374,"column":36}},"150":{"start":{"line":378,"column":12},"end":{"line":391,"column":27}},"151":{"start":{"line":393,"column":12},"end":{"line":393,"column":47}},"152":{"start":{"line":395,"column":12},"end":{"line":424,"column":14}},"153":{"start":{"line":397,"column":20},"end":{"line":397,"column":81}},"154":{"start":{"line":398,"column":20},"end":{"line":398,"column":96}},"155":{"start":{"line":400,"column":20},"end":{"line":400,"column":50}},"156":{"start":{"line":401,"column":20},"end":{"line":401,"column":46}},"157":{"start":{"line":403,"column":20},"end":{"line":418,"column":21}},"158":{"start":{"line":405,"column":24},"end":{"line":408,"column":66}},"159":{"start":{"line":410,"column":24},"end":{"line":410,"column":95}},"160":{"start":{"line":411,"column":24},"end":{"line":411,"column":45}},"161":{"start":{"line":412,"column":24},"end":{"line":412,"column":92}},"162":{"start":{"line":413,"column":24},"end":{"line":413,"column":88}},"163":{"start":{"line":414,"column":24},"end":{"line":414,"column":40}},"164":{"start":{"line":416,"column":24},"end":{"line":416,"column":43}},"165":{"start":{"line":417,"column":24},"end":{"line":417,"column":35}},"166":{"start":{"line":420,"column":20},"end":{"line":420,"column":152}},"167":{"start":{"line":422,"column":20},"end":{"line":422,"column":47}},"168":{"start":{"line":426,"column":12},"end":{"line":426,"column":36}},"169":{"start":{"line":430,"column":12},"end":{"line":442,"column":22}},"170":{"start":{"line":444,"column":12},"end":{"line":446,"column":13}},"171":{"start":{"line":445,"column":16},"end":{"line":445,"column":116}},"172":{"start":{"line":448,"column":12},"end":{"line":453,"column":13}},"173":{"start":{"line":449,"column":16},"end":{"line":449,"column":72}},"174":{"start":{"line":450,"column":16},"end":{"line":450,"column":68}},"175":{"start":{"line":451,"column":16},"end":{"line":451,"column":49}},"176":{"start":{"line":452,"column":16},"end":{"line":452,"column":29}},"177":{"start":{"line":457,"column":12},"end":{"line":465,"column":13}},"178":{"start":{"line":458,"column":16},"end":{"line":458,"column":73}},"179":{"start":{"line":459,"column":16},"end":{"line":459,"column":239}},"180":{"start":{"line":464,"column":16},"end":{"line":464,"column":140}},"181":{"start":{"line":468,"column":12},"end":{"line":468,"column":127}},"182":{"start":{"line":469,"column":12},"end":{"line":469,"column":117}},"183":{"start":{"line":471,"column":12},"end":{"line":471,"column":45}},"184":{"start":{"line":473,"column":12},"end":{"line":473,"column":25}},"185":{"start":{"line":477,"column":12},"end":{"line":485,"column":22}},"186":{"start":{"line":487,"column":12},"end":{"line":490,"column":13}},"187":{"start":{"line":488,"column":16},"end":{"line":488,"column":56}},"188":{"start":{"line":489,"column":16},"end":{"line":489,"column":29}},"189":{"start":{"line":492,"column":12},"end":{"line":492,"column":56}},"190":{"start":{"line":492,"column":44},"end":{"line":492,"column":56}},"191":{"start":{"line":495,"column":12},"end":{"line":504,"column":13}},"192":{"start":{"line":497,"column":16},"end":{"line":497,"column":43}},"193":{"start":{"line":497,"column":31},"end":{"line":497,"column":43}},"194":{"start":{"line":498,"column":16},"end":{"line":498,"column":46}},"195":{"start":{"line":503,"column":16},"end":{"line":503,"column":95}},"196":{"start":{"line":507,"column":12},"end":{"line":507,"column":87}},"197":{"start":{"line":508,"column":12},"end":{"line":508,"column":84}},"198":{"start":{"line":510,"column":12},"end":{"line":510,"column":45}},"199":{"start":{"line":512,"column":12},"end":{"line":512,"column":25}},"200":{"start":{"line":516,"column":12},"end":{"line":531,"column":18}},"201":{"start":{"line":521,"column":20},"end":{"line":521,"column":107}},"202":{"start":{"line":523,"column":20},"end":{"line":530,"column":21}},"203":{"start":{"line":524,"column":24},"end":{"line":524,"column":48}},"204":{"start":{"line":528,"column":24},"end":{"line":528,"column":65}},"205":{"start":{"line":529,"column":24},"end":{"line":529,"column":58}},"206":{"start":{"line":533,"column":12},"end":{"line":533,"column":23}},"207":{"start":{"line":535,"column":12},"end":{"line":535,"column":36}},"208":{"start":{"line":539,"column":12},"end":{"line":544,"column":20}},"209":{"start":{"line":546,"column":12},"end":{"line":546,"column":121}},"210":{"start":{"line":547,"column":12},"end":{"line":547,"column":73}},"211":{"start":{"line":549,"column":12},"end":{"line":549,"column":40}},"212":{"start":{"line":551,"column":12},"end":{"line":551,"column":48}},"213":{"start":{"line":552,"column":12},"end":{"line":552,"column":42}},"214":{"start":{"line":553,"column":12},"end":{"line":553,"column":44}},"215":{"start":{"line":555,"column":12},"end":{"line":555,"column":62}},"216":{"start":{"line":558,"column":12},"end":{"line":558,"column":100}},"217":{"start":{"line":559,"column":12},"end":{"line":559,"column":175}},"218":{"start":{"line":562,"column":12},"end":{"line":562,"column":94}},"219":{"start":{"line":564,"column":12},"end":{"line":564,"column":39}},"220":{"start":{"line":566,"column":12},"end":{"line":566,"column":68}},"221":{"start":{"line":568,"column":12},"end":{"line":568,"column":80}},"222":{"start":{"line":569,"column":12},"end":{"line":569,"column":76}},"223":{"start":{"line":570,"column":12},"end":{"line":570,"column":28}},"224":{"start":{"line":571,"column":12},"end":{"line":571,"column":35}},"225":{"start":{"line":572,"column":12},"end":{"line":572,"column":40}},"226":{"start":{"line":574,"column":12},"end":{"line":574,"column":23}},"227":{"start":{"line":578,"column":12},"end":{"line":590,"column":22}},"228":{"start":{"line":592,"column":12},"end":{"line":592,"column":47}},"229":{"start":{"line":594,"column":12},"end":{"line":622,"column":15}},"230":{"start":{"line":596,"column":20},"end":{"line":600,"column":21}},"231":{"start":{"line":597,"column":24},"end":{"line":597,"column":93}},"232":{"start":{"line":598,"column":24},"end":{"line":598,"column":47}},"233":{"start":{"line":599,"column":24},"end":{"line":599,"column":43}},"234":{"start":{"line":602,"column":20},"end":{"line":618,"column":21}},"235":{"start":{"line":603,"column":24},"end":{"line":603,"column":55}},"236":{"start":{"line":605,"column":24},"end":{"line":608,"column":31}},"237":{"start":{"line":610,"column":24},"end":{"line":610,"column":95}},"238":{"start":{"line":611,"column":24},"end":{"line":611,"column":44}},"239":{"start":{"line":612,"column":24},"end":{"line":612,"column":54}},"240":{"start":{"line":613,"column":24},"end":{"line":613,"column":44}},"241":{"start":{"line":614,"column":24},"end":{"line":614,"column":54}},"242":{"start":{"line":616,"column":24},"end":{"line":616,"column":43}},"243":{"start":{"line":617,"column":24},"end":{"line":617,"column":35}},"244":{"start":{"l
[...]
n":62}},"11":{"start":{"line":64,"column":12},"end":{"line":67,"column":13}},"12":{"start":{"line":66,"column":16},"end":{"line":66,"column":69}},"13":{"start":{"line":69,"column":12},"end":{"line":73,"column":13}},"14":{"start":{"line":70,"column":16},"end":{"line":70,"column":29}},"15":{"start":{"line":71,"column":16},"end":{"line":71,"column":35}},"16":{"start":{"line":72,"column":16},"end":{"line":72,"column":91}},"17":{"start":{"line":77,"column":12},"end":{"line":80,"column":13}},"18":{"start":{"line":78,"column":16},"end":{"line":78,"column":69}},"19":{"start":{"line":79,"column":16},"end":{"line":79,"column":63}},"20":{"start":{"line":82,"column":12},"end":{"line":90,"column":13}},"21":{"start":{"line":83,"column":16},"end":{"line":83,"column":76}},"22":{"start":{"line":84,"column":16},"end":{"line":84,"column":83}},"23":{"start":{"line":85,"column":19},"end":{"line":90,"column":13}},"24":{"start":{"line":86,"column":16},"end":{"line":86,"column":85}},"25":{"start":{"line":87,"column":16},"end":{"line":87,"column":79}},"26":{"start":{"line":89,"column":16},"end":{"line":89,"column":123}},"27":{"start":{"line":95,"column":0},"end":{"line":97,"column":2}}},"branchMap":{"1":{"line":48,"type":"if","locations":[{"start":{"line":48,"column":12},"end":{"line":48,"column":12}},{"start":{"line":48,"column":12},"end":{"line":48,"column":12}}]},"2":{"line":48,"type":"binary-expr","locations":[{"start":{"line":48,"column":16},"end":{"line":48,"column":41}},{"start":{"line":48,"column":45},"end":{"line":48,"column":75}},{"start":{"line":48,"column":79},"end":{"line":48,"column":108}}]},"3":{"line":55,"type":"if","locations":[{"start":{"line":55,"column":12},"end":{"line":55,"column":12}},{"start":{"line":55,"column":12},"end":{"line":55,"column":12}}]},"4":{"line":55,"type":"binary-expr","locations":[{"start":{"line":55,"column":16},"end":{"line":55,"column":33}},{"start":{"line":55,"column":37},"end":{"line":55,"column":59}},{"start":{"line":55,"column":63},"end":{"line":55,"column":90}}]},"5":{"line":64,"type":"if","locations":[{"start":{"line":64,"column":12},"end":{"line":64,"column":12}},{"start":{"line":64,"column":12},"end":{"line":64,"column":12}}]},"6":{"line":64,"type":"binary-expr","locations":[{"start":{"line":64,"column":16},"end":{"line":64,"column":30}},{"start":{"line":64,"column":34},"end":{"line":64,"column":53}},{"start":{"line":64,"column":57},"end":{"line":64,"column":82}},{"start":{"line":64,"column":86},"end":{"line":64,"column":116}}]},"7":{"line":69,"type":"if","locations":[{"start":{"line":69,"column":12},"end":{"line":69,"column":12}},{"start":{"line":69,"column":12},"end":{"line":69,"column":12}}]},"8":{"line":77,"type":"if","locations":[{"start":{"line":77,"column":12},"end":{"line":77,"column":12}},{"start":{"line":77,"column":12},"end":{"line":77,"column":12}}]},"9":{"line":82,"type":"if","locations":[{"start":{"line":82,"column":12},"end":{"line":82,"column":12}},{"start":{"line":82,"column":12},"end":{"line":82,"column":12}}]},"10":{"line":85,"type":"if","locations":[{"start":{"line":85,"column":19},"end":{"line":85,"column":19}},{"start":{"line":85,"column":19},"end":{"line":85,"column":19}}]}}},"app/js/streaming/rules/LimitSwitchesRule.js":{"path":"app/js/streaming/rules/LimitSwitchesRule.js","s":{"1":1,"2":0,"3":0,"4":0,"5":0,"6":0,"7":0,"8":0,"9":0,"10":0,"11":0,"12":0,"13":0,"14":0,"15":0,"16":0,"17":0,"18":0,"19":0,"20":0,"21":0,"22":0,"23":1},"b":{"1":[0,0],"2":[0,0],"3":[0,0],"4":[0,0]},"f":{"1":0,"2":0},"fnMap":{"1":{"name":"(anonymous_1)","line":14,"loc":{"start":{"line":14,"column":38},"end":{"line":14,"column":50}}},"2":{"name":"(anonymous_2)","line":31,"loc":{"start":{"line":31,"column":20},"end":{"line":31,"column":59}}}},"statementMap":{"1":{"start":{"line":14,"column":0},"end":{"line":72,"column":2}},"2":{"start":{"line":23,"column":4},"end":{"line":26,"column":20}},"3":{"start":{"line":28,"column":4},"end":{"line":71,"column":6}},"4":{"start":{"line":32,"column":12},"end":{"line":35,"column":13}},"5":{"start":{"line":33,"column":16},"end":{"line":33,"column":29}},"6":{"start":{"line":34,"column":16},"end":{"line":34,"column":126}},"7":{"start":{"line":37,"column":12},"end":{"line":43,"column":59}},"8":{"start":{"line":47,"column":12},"end":{"line":61,"column":13}},"9":{"start":{"line":48,"column":16},"end":{"line":48,"column":46}},"10":{"start":{"line":49,"column":16},"end":{"line":49,"column":45}},"11":{"start":{"line":51,"column":16},"end":{"line":54,"column":17}},"12":{"start":{"line":52,"column":20},"end":{"line":52,"column":67}},"13":{"start":{"line":53,"column":20},"end":{"line":53,"column":26}},"14":{"start":{"line":56,"column":16},"end":{"line":60,"column":17}},"15":{"start":{"line":57,"column":20},"end":{"line":57,"column":118}},"16":{"start":{"line":58,"column":20},"end":{"line":58,"column":33}},"17":{"start":{"line":59,"column":20},"end":{"line":59,"column":26}},"18":{"start":{"line":63,"column":12},"end":{"line":69,"column":13}},"19":{"start":{"line":64,"column":16},"end":{"line":64,"column":81}},"20":{"start":{"line":65,"column":16},"end":{"line":65,"column":37}},"21":{"start":{"line":66,"column":16},"end":{"line":66,"column":126}},"22":{"start":{"line":68,"column":16},"end":{"line":68,"column":170}},"23":{"start":{"line":74,"column":0},"end":{"line":76,"column":2}}},"branchMap":{"1":{"line":32,"type":"if","locations":[{"start":{"line":32,"column":12},"end":{"line":32,"column":12}},{"start":{"line":32,"column":12},"end":{"line":32,"column":12}}]},"2":{"line":51,"type":"if","locations":[{"start":{"line":51,"column":16},"end":{"line":51,"column":16}},{"start":{"line":51,"column":16},"end":{"line":51,"column":16}}]},"3":{"line":56,"type":"if","locations":[{"start":{"line":56,"column":16},"end":{"line":56,"column":16}},{"start":{"line":56,"column":16},"end":{"line":56,"column":16}}]},"4":{"line":63,"type":"if","locations":[{"start":{"line":63,"column":12},"end":{"line":63,"column":12}},{"start":{"line":63,"column":12},"end":{"line":63,"column":12}}]}}},"app/js/streaming/rules/SwitchRequest.js":{"path":"app/js/streaming/rules/SwitchRequest.js","s":{"1":1,"2":0,"3":0,"4":0,"5":0,"6":0,"7":0,"8":1},"b":{"1":[0,0],"2":[0,0]},"f":{"1":0},"fnMap":{"1":{"name":"(anonymous_1)","line":14,"loc":{"start":{"line":14,"column":34},"end":{"line":14,"column":50}}}},"statementMap":{"1":{"start":{"line":14,"column":0},"end":{"line":26,"column":2}},"2":{"start":{"line":16,"column":4},"end":{"line":16,"column":21}},"3":{"start":{"line":17,"column":4},"end":{"line":17,"column":22}},"4":{"start":{"line":19,"column":4},"end":{"line":21,"column":5}},"5":{"start":{"line":20,"column":8},"end":{"line":20,"column":27}},"6":{"start":{"line":23,"column":4},"end":{"line":25,"column":5}},"7":{"start":{"line":24,"column":8},"end":{"line":24,"column":28}},"8":{"start":{"line":28,"column":0},"end":{"line":34,"column":2}}},"branchMap":{"1":{"line":19,"type":"if","locations":[{"start":{"line":19,"column":4},"end":{"line":19,"column":4}},{"start":{"line":19,"column":4},"end":{"line":19,"column":4}}]},"2":{"line":23,"type":"if","locations":[{"start":{"line":23,"column":4},"end":{"line":23,"column":4}},{"start":{"line":23,"column":4},"end":{"line":23,"column":4}}]}}},"app/js/streaming/vo/MetricsList.js":{"path":"app/js/streaming/vo/MetricsList.js","s":{"1":1,"2":19,"3":1},"b":{},"f":{"1":19},"fnMap":{"1":{"name":"(anonymous_1)","line":14,"loc":{"start":{"line":14,"column":33},"end":{"line":14,"column":45}}}},"statementMap":{"1":{"start":{"line":14,"column":0},"end":{"line":27,"column":2}},"2":{"start":{"line":17,"column":4},"end":{"line":26,"column":6}},"3":{"start":{"line":29,"column":0},"end":{"line":31,"column":2}}},"branchMap":{}},"app/js/streaming/vo/SegmentRequest.js":{"path":"app/js/streaming/vo/SegmentRequest.js","s":{"1":1,"2":0,"3":0,"4":0,"5":0,"6":0,"7":0,"8":0,"9":0,"10":0,"11":0,"12":0,"13":0,"14":0,"15":0,"16":0,"17":0,"18":0,"19":1},"b":{},"f":{"1":0},"fnMap":{"1":{"name":"(anonymous_1)","line":14,"loc":{"start":{"line":14,"column":32},"end":{"line":14,"column":44}}}},"statementMap":{"1":{"start":{"line":14,"column":0},"end":{"line":33,"column":2}},"2":{"start":{"line":16,"column":4},"end":{"line":16,"column":29}},"3":{"start":{"line":17,"column":4},"end":{"line":17,"column":25}},"4":{"start":{"line":18,"column":4},"end":{"line":18,"column":27}},"5":{"start":{"line":19,"column":4},"end":{"line":19,"column":21}},"6":{"start":{"line":20,"column":4},"end":{"line":20,"column":24}},"7":{"start":{"line":21,"column":4},"end":{"line":21,"column":25}},"8":{"start":{"line":22,"column":4},"end":{"line":22,"column":22}},"9":{"start":{"line":23,"column":4},"end":{"line":23,"column":20}},"10":{"start":{"line":24,"column":4},"end":{"line":24,"column":33}},"11":{"start":{"line":25,"column":4},"end":{"line":25,"column":30}},"12":{"start":{"line":26,"column":4},"end":{"line":26,"column":31}},"13":{"start":{"line":27,"column":4},"end":{"line":27,"column":25}},"14":{"start":{"line":28,"column":4},"end":{"line":28,"column":23}},"15":{"start":{"line":29,"column":4},"end":{"line":29,"column":21}},"16":{"start":{"line":30,"column":4},"end":{"line":30,"column":38}},"17":{"start":{"line":31,"column":4},"end":{"line":31,"column":36}},"18":{"start":{"line":32,"column":4},"end":{"line":32,"column":30}},"19":{"start":{"line":35,"column":0},"end":{"line":39,"column":2}}},"branchMap":{}},"app/js/streaming/vo/URIFragmentData.js":{"path":"app/js/streaming/vo/URIFragmentData.js","s":{"1":1,"2":182,"3":182,"4":182,"5":182,"6":182,"7":1},"b":{},"f":{"1":182},"fnMap":{"1":{"name":"(anonymous_1)","line":14,"loc":{"start":{"line":14,"column":33},"end":{"line":14,"column":45}}}},"statementMap":{"1":{"start":{"line":14,"column":0},"end":{"line":21,"column":2}},"2":{"start":{"line":16,"column":4},"end":{"line":16,"column":18}},"3":{"start":{"line":17,"column":4},"end":{"line":17,"column":21}},"4":{"start":{"line":18,"column":4},"end":{"line":18,"column":22}},"5":{"start":{"line":19,"column":4},"end":{"line":19,"column":19}},"6":{"start":{"line":20,"column":4},"end":{"line":20,"column":18}},"7":{"start":{"line":23,"column":0},"end":{"line":25,"column":2}}},"branchMap":{}},"app/js/streaming/vo/metrics/BufferLevel.js":{"path":"app/js/streaming/vo/metrics/BufferLevel.js","s":{"1":1,"2":23,"3":23,"4":1},"b":{},"f":{"1":23},"fnMap":{"1":{"name":"(anonymous_1)","line":14,"loc":{"start":{"line":14,"column":37},"end":{"line":14,"column":49}}}},"statementMap":{"1":{"start":{"line":14,"column":0},"end":{"line":19,"column":2}},"2":{"start":{"line":17,"column":4},"end":{"line":17,"column":18}},"3":{"start":{"line":18,"column":4},"end":{"line":18,"column":22}},"4":{"start":{"line":21,"column":0},"end":{"line":23,"column":2}}},"branchMap":{}},"app/js/streaming/vo/metrics/DVRInfo.js":{"path":"app/js/streaming/vo/metrics/DVRInfo.js","s":{"1":1,"2":0,"3":0,"4":0,"5":1},"b":{},"f":{"1":0},"fnMap":{"1":{"name":"(anonymous_1)","line":14,"loc":{"start":{"line":14,"column":33},"end":{"line":14,"column":45}}}},"statementMap":{"1":{"start":{"line":14,"column":0},"end":{"line":19,"column":2}},"2":{"start":{"line":16,"column":4},"end":{"line":16,"column":21}},"3":{"start":{"line":17,"column":4},"end":{"line":17,"column":22}},"4":{"start":{"line":18,"column":4},"end":{"line":18,"column":18}},"5":{"start":{"line":21,"column":0},"end":{"line":23,"column":2}}},"branchMap":{}},"app/js/streaming/vo/metrics/DroppedFrames.js":{"path":"app/js/streaming/vo/metrics/DroppedFrames.js","s":{"1":1,"2":0,"3":0,"4":1},"b":{},"f":{"1":0},"fnMap":{"1":{"name":"(anonymous_1)","line":14,"loc":{"start":{"line":14,"column":39},"end":{"line":14,"column":51}}}},"statementMap":{"1":{"start":{"line":14,"column":0},"end":{"line":19,"column":2}},"2":{"start":{"line":17,"column":4},"end":{"line":17,"column":21}},"3":{"start":{"line":18,"column":4},"end":{"line":18,"column":30}},"4":{"start":{"line":21,"column":0},"end":{"line":23,"column":2}}},"branchMap":{}},"app/js/streaming/vo/metrics/HTTPRequest.js":{"path":"app/js/streaming/vo/metrics/HTTPRequest.js","s":{"1":1,"2":39,"3":39,"4":39,"5":39,"6":39,"7":39,"8":39,"9":39,"10":39,"11":39,"12":39,"13":39,"14":39,"15":1,"16":1,"17":36,"18":36,"19":36,"20":1},"b":{},"f":{"1":39,"2":36},"fnMap":{"1":{"name":"(anonymous_1)","line":14,"loc":{"start":{"line":14,"column":37},"end":{"line":14,"column":49}}},"2":{"name":"(anonymous_2)","line":44,"loc":{"start":{"line":44,"column":43},"end":{"line":44,"column":55}}}},"statementMap":{"1":{"start":{"line":14,"column":0},"end":{"line":38,"column":2}},"2":{"start":{"line":17,"column":4},"end":{"line":17,"column":23}},"3":{"start":{"line":18,"column":4},"end":{"line":18,"column":22}},"4":{"start":{"line":19,"column":4},"end":{"line":19,"column":21}},"5":{"start":{"line":28,"column":4},"end":{"line":28,"column":20}},"6":{"start":{"line":29,"column":4},"end":{"line":29,"column":26}},"7":{"start":{"line":30,"column":4},"end":{"line":30,"column":22}},"8":{"start":{"line":31,"column":4},"end":{"line":31,"column":25}},"9":{"start":{"line":32,"column":4},"end":{"line":32,"column":26}},"10":{"start":{"line":33,"column":4},"end":{"line":33,"column":24}},"11":{"start":{"line":34,"column":4},"end":{"line":34,"column":29}},"12":{"start":{"line":35,"column":4},"end":{"line":35,"column":25}},"13":{"start":{"line":36,"column":4},"end":{"line":36,"column":30}},"14":{"start":{"line":37,"column":4},"end":{"line":37,"column":20}},"15":{"start":{"line":40,"column":0},"end":{"line":42,"column":2}},"16":{"start":{"line":44,"column":0},"end":{"line":55,"column":2}},"17":{"start":{"line":52,"column":4},"end":{"line":52,"column":18}},"18":{"start":{"line":53,"column":4},"end":{"line":53,"column":18}},"19":{"start":{"line":54,"column":4},"end":{"line":54,"column":16}},"20":{"start":{"line":57,"column":0},"end":{"line":59,"column":2}}},"branchMap":{}},"app/js/streaming/vo/metrics/ManifestUpdate.js":{"path":"app/js/streaming/vo/metrics/ManifestUpdate.js","s":{"1":1,"2":0,"3":0,"4":0,"5":0,"6":0,"7":0,"8":0,"9":0,"10":0,"11":0,"12":0,"13":0,"14":1,"15":0,"16":0,"17":0,"18":0,"19":1,"20":0,"21":0,"22":0,"23":0,"24":0,"25":0,"26":0,"27":1,"28":1,"29":1},"b":{},"f":{"1":0,"2":0,"3":0},"fnMap":{"1":{"name":"(anonymous_1)","line":1,"loc":{"start":{"line":1,"column":40},"end":{"line":1,"column":52}}},"2":{"name":"(anonymous_2)","line":18,"loc":{"start":{"line":18,"column":51},"end":{"line":18,"column":63}}},"3":{"name":"(anonymous_3)","line":27,"loc":{"start":{"line":27,"column":59},"end":{"line":27,"column":71}}}},"statementMap":{"1":{"start":{"line":1,"column":0},"end":{"line":16,"column":2}},"2":{"start":{"line":4,"column":4},"end":{"line":4,"column":27}},"3":{"start":{"line":5,"column":4},"end":{"line":5,"column":21}},"4":{"start":{"line":6,"column":4},"end":{"line":6,"column":28}},"5":{"start":{"line":7,"column":4},"end":{"line":7,"column":26}},"6":{"start":{"line":8,"column":4},"end":{"line":8,"column":38}},"7":{"start":{"line":9,"column":4},"end":{"line":9,"column":35}},"8":{"start":{"line":10,"column":4},"end":{"line":10,"column":30}},"9":{"start":{"line":11,"column":4},"end":{"line":11,"column":28}},"10":{"start":{"line":12,"column":4},"end":{"line":12,"column":25}},"11":{"start":{"line":13,"column":4},"end":{"line":13,"column":21}},"12":{"start":{"line":14,"column":4},"end":{"line":14,"column":25}},"13":{"start":{"line":15,"column":4},"end":{"line":15,"column":33}},"14":{"start":{"line":18,"column":0},"end":{"line":25,"column":2}},"15":{"start":{"line":21,"column":4},"end":{"line":21,"column":19}},"16":{"start":{"line":22,"column":4},"end":{"line":22,"column":22}},"17":{"start":{"line":23,"column":4},"end":{"line":23,"column":22}},"18":{"start":{"line":24,"column":4},"end":{"line":24,"column":25}},"19":{"start":{"line":27,"column":0},"end":{"line":37,"column":2}},"20":{"start":{"line":30,"column":4},"end":{"line":30,"column":19}},"21":{"start":{"line":31,"column":4},"end":{"line":31,"column":22}},"22":{"start":{"line":32,"column":4},"end":{"line":32,"column":27}},"23":{"start":{"line":33,"column":4},"end":{"line":33,"column":28}},"24":{"start":{"line":34,"column":4},"end":{"line":34,"column":39}},"25":{"start":{"line":35,"column":4},"end":{"line":35,"column":28}},"26":{"start":{"line":36,"column":4},"end":{"line":36,"column":32}},"27":{"start":{"line":39,"column":0},"end":{"line":41,"column":2}},"28":{"start":{"line":43,"column":0},"end":{"line":45,"column":2}},"29":{"start":{"line":47,"column":0},"end":{"line":49,"column":2}}},"branchMap":{}},"app/js/streaming/vo/metrics/PlayList.js":{"path":"app/js/streaming/vo/metrics/PlayList.js","s":{"1":1,"2":26,"3":26,"4":26,"5":26,"6":26,"7":1,"8":22,"9":22,"10":22,"11":22,"12":22,"13":22,"14":22,"15":1,"16":1,"17":1,"18":1,"19":1,"20":1,"21":1,"22":1},"b":{},"f":{"1":26,"2":22},"fnMap":{"1":{"name":"(anonymous_1)","line":14,"loc":{"start":{"line":14,"column":34},"end":{"line":14,"column":46}}},"2":{"name":"(anonymous_2)","line":28,"loc":{"start":{"line":28,"column":40},"end":{"line":28,"column":52}}}},"statementMap":{"1":{"start":{"line":14,"column":0},"end":{"line":26,"column":2}},"2":{"start":{"line":17,"column":4},"end":{"line":17,"column":23}},"3":{"start":{"line":18,"column":4},"end":{"line":18,"column":22}},"4":{"start":{"line":19,"column":4},"end":{"line":19,"column":23}},"5":{"start":{"line":20,"column":4},"end":{"line":20,"column":26}},"6":{"start":{"line":25,"column":4},"end":{"line":25,"column":20}},"7":{"start":{"line":28,"column":0},"end":{"line":54,"column":2}},"8":{"start":{"line":47,"column":4},"end":{"line":47,"column":33}},"9":{"start":{"line":48,"column":4},"end":{"line":48,"column":28}},"10":{"start":{"line":49,"column":4},"end":{"line":49,"column":22}},"11":{"start":{"line":50,"column":4},"end":{"line":50,"column":23}},"12":{"start":{"line":51,"column":4},"end":{"line":51,"column":25}},"13":{"start":{"line":52,"column":4},"end":{"line":52,"column":30}},"14":{"start":{"line":53,"column":4},"end":{"line":53,"column":27}},"15":{"start":{"line":56,"column":0},"end":{"line":58,"column":2}},"16":{"start":{"line":61,"column":0},"end":{"line":61,"column":76}},"17":{"start":{"line":62,"column":0},"end":{"line":62,"column":59}},"18":{"start":{"line":64,"column":0},"end":{"line":66,"column":2}},"19":{"start":{"line":69,"column":0},"end":{"line":69,"column":80}},"20":{"start":{"line":70,"column":0},"end":{"line":70,"column":98}},"21":{"start":{"line":71,"column":0},"end":{"line":71,"column":84}},"22":{"start":{"line":72,"column":0},"end":{"line":72,"column":73}}},"branchMap":{}},"app/js/streaming/vo/metrics/RepresentationSwitch.js":{"path":"app/js/streaming/vo/metrics/RepresentationSwitch.js","s":{"1":1,"2":23,"3":23,"4":23,"5":23,"6":1},"b":{},"f":{"1":23},"fnMap":{"1":{"name":"(anonymous_1)","line":14,"loc":{"start":{"line":14,"column":46},"end":{"line":14,"column":58}}}},"statementMap":{"1":{"start":{"line":14,"column":0},"end":{"line":21,"column":2}},"2":{"start":{"line":17,"column":4},"end":{"line":17,"column":18}},"3":{"start":{"line":18,"column":4},"end":{"line":18,"column":19}},"4":{"start":{"line":19,"column":4},"end":{"line":19,"column":19}},"5":{"start":{"line":20,"column":4},"end":{"line":20,"column":20}},"6":{"start":{"line":23,"column":0},"end":{"line":25,"column":2}}},"branchMap":{}},"app/js/streaming/vo/metrics/TCPConnection.js":{"path":"app/js/streaming/vo/metrics/TCPConnection.js","s":{"1":1,"2":2,"3":2,"4":2,"5":2,"6":2,"7":1},"b":{},"f":{"1":2},"fnMap":{"1":{"name":"(anonymous_1)","line":14,"loc":{"start":{"line":14,"column":39},"end":{"line":14,"column":51}}}},"statementMap":{"1":{"start":{"line":14,"column":0},"end":{"line":22,"column":2}},"2":{"start":{"line":17,"column":4},"end":{"line":17,"column":22}},"3":{"start":{"line":18,"column":4},"end":{"line":18,"column":21}},"4":{"start":{"line":19,"column":4},"end":{"line":19,"column":22}},"5":{"start":{"line":20,"column":4},"end":{"line":20,"column":23}},"6":{"start":{"line":21,"column":4},"end":{"line":21,"column":25}},"7":{"start":{"line":24,"column":0},"end":{"line":26,"column":2}}},"branchMap":{}}}